29-Apr-2014 , 16:09:15 |  SELECT label FROM  specialites 
					   WHERE id_spec = 4 
 
 29-Apr-2014 , 16:09:15 |  SELECT nom FROM  institution 
					   WHERE id_institut = 5 
 
 29-Apr-2014 , 16:09:15 |  SELECT label FROM  gouvernorat 
					   WHERE id_gouv = 2 
 
 29-Apr-2014 , 16:09:15 |  SELECT label FROM  specialites 
					   WHERE id_spec = 4 
 
 29-Apr-2014 , 17:23:08 | INSERT INTO medecin (idMedecin, nom, prenom, genre, fonction, specialite, subSpecialite, adresse, gouvernorat, codePostale, telbureau, telportable, fax, pays_fac, gouv_fac, faculte, anneeDiplome, dateNaiss, email, password)
		 VALUES ('','Bouchoucha','Lilia','Femme',' 3',NULL,'','1 BIS, SQUARE BEJAOUI',' 5','2564','72443811','','',' 1',' 1',' 1','','','liliabouchoucha@yahoo.fr','lilia') 
 
 29-Apr-2014 , 17:23:09 | Nom: Bouchoucha		Prenom: Lilia     Adresse: 1 BIS, SQUARE BEJAOUI     Pays de faculté:  1     Email: liliabouchoucha@yahoo.fr     Password: lilia 
 
 29-Apr-2014 , 17:23:13 |  SELECT nom FROM  institution 
					   WHERE id_institut = 1 
 
 29-Apr-2014 , 17:23:13 |  SELECT label FROM  gouvernorat 
					   WHERE id_gouv = 5 
 
 29-Apr-2014 , 17:56:01 |  SELECT nom FROM  institution 
					   WHERE id_institut = 1 
 
 29-Apr-2014 , 17:56:01 |  SELECT label FROM  gouvernorat 
					   WHERE id_gouv = 5 
 
 04-May-2014 , 20:34:59 |  SELECT label FROM  specialites 
					   WHERE id_spec = 4 
 
 04-May-2014 , 20:34:59 |  SELECT nom FROM  institution 
					   WHERE id_institut = 5 
 
 04-May-2014 , 20:34:59 |  SELECT label FROM  gouvernorat 
					   WHERE id_gouv = 2 
 
 04-May-2014 , 20:34:59 |  SELECT label FROM  specialites 
					   WHERE id_spec = 4 
 
 05-May-2014 , 21:41:49 |  SELECT label FROM  specialites 
					   WHERE id_spec = 4 
 
 05-May-2014 , 21:41:49 |  SELECT nom FROM  institution 
					   WHERE id_institut = 5 
 
 05-May-2014 , 21:41:49 |  SELECT label FROM  gouvernorat 
					   WHERE id_gouv = 2 
 
 05-May-2014 , 21:41:49 |  SELECT label FROM  specialites 
					   WHERE id_spec = 4 
 
 05-May-2014 , 21:42:35 |  SELECT label FROM  specialites 
					   WHERE id_spec = 4 
 
 05-May-2014 , 21:42:35 |  SELECT nom FROM  institution 
					   WHERE id_institut = 5 
 
 05-May-2014 , 21:42:35 |  SELECT label FROM  gouvernorat 
					   WHERE id_gouv = 2 
 
 05-May-2014 , 21:42:35 |  SELECT label FROM  specialites 
					   WHERE id_spec = 4 
 
 05-May-2014 , 21:43:03 |  SELECT label FROM  specialites 
					   WHERE id_spec = 4 
 
 05-May-2014 , 21:43:03 |  SELECT nom FROM  institution 
					   WHERE id_institut = 5 
 
 05-May-2014 , 21:43:03 |  SELECT label FROM  gouvernorat 
					   WHERE id_gouv = 2 
 
 05-May-2014 , 21:43:03 |  SELECT label FROM  specialites 
					   WHERE id_spec = 4 
 
 05-May-2014 , 21:47:01 |  SELECT label FROM  specialites 
					   WHERE id_spec = 4 
 
 05-May-2014 , 21:47:01 |  SELECT nom FROM  institution 
					   WHERE id_institut = 5 
 
 05-May-2014 , 21:47:01 |  SELECT label FROM  gouvernorat 
					   WHERE id_gouv = 2 
 
 05-May-2014 , 21:47:01 |  SELECT label FROM  specialites 
					   WHERE id_spec = 4 
 
 05-May-2014 , 21:48:17 |  SELECT label FROM  specialites 
					   WHERE id_spec = 4 
 
 05-May-2014 , 21:48:17 |  SELECT nom FROM  institution 
					   WHERE id_institut = 5 
 
 05-May-2014 , 21:48:17 |  SELECT label FROM  gouvernorat 
					   WHERE id_gouv = 2 
 
 05-May-2014 , 21:48:17 |  SELECT label FROM  specialites 
					   WHERE id_spec = 4 
 
 05-May-2014 , 21:48:20 |  SELECT label FROM  specialites 
					   WHERE id_spec = 4 
 
 05-May-2014 , 21:48:20 |  SELECT nom FROM  institution 
					   WHERE id_institut = 5 
 
 05-May-2014 , 21:48:20 |  SELECT label FROM  gouvernorat 
					   WHERE id_gouv = 2 
 
 05-May-2014 , 21:48:20 |  SELECT label FROM  specialites 
					   WHERE id_spec = 4 
 
 06-May-2014 , 11:50:13 |  SELECT label FROM  specialites 
					   WHERE id_spec = 4 
 
 06-May-2014 , 11:50:13 |  SELECT nom FROM  institution 
					   WHERE id_institut = 5 
 
 06-May-2014 , 11:50:13 |  SELECT label FROM  gouvernorat 
					   WHERE id_gouv = 2 
 
 06-May-2014 , 11:50:13 |  SELECT label FROM  specialites 
					   WHERE id_spec = 4 
 
 06-May-2014 , 11:56:58 |  SELECT label FROM  specialites 
					   WHERE id_spec = 4 
 
 06-May-2014 , 11:56:58 |  SELECT nom FROM  institution 
					   WHERE id_institut = 5 
 
 06-May-2014 , 11:56:58 |  SELECT label FROM  gouvernorat 
					   WHERE id_gouv = 2 
 
 06-May-2014 , 11:56:58 |  SELECT label FROM  specialites 
					   WHERE id_spec = 4 
 
 06-May-2014 , 11:59:32 |  SELECT label FROM  specialites 
					   WHERE id_spec = 4 
 
 06-May-2014 , 11:59:32 |  SELECT nom FROM  institution 
					   WHERE id_institut = 5 
 
 06-May-2014 , 11:59:32 |  SELECT label FROM  gouvernorat 
					   WHERE id_gouv = 2 
 
 06-May-2014 , 11:59:32 |  SELECT label FROM  specialites 
					   WHERE id_spec = 4 
 
 06-May-2014 , 12:00:46 |  SELECT label FROM  specialites 
					   WHERE id_spec = 4 
 
 06-May-2014 , 12:00:46 |  SELECT nom FROM  institution 
					   WHERE id_institut = 5 
 
 06-May-2014 , 12:00:46 |  SELECT label FROM  gouvernorat 
					   WHERE id_gouv = 2 
 
 06-May-2014 , 12:00:46 |  SELECT label FROM  specialites 
					   WHERE id_spec = 4 
 
 06-May-2014 , 12:00:49 |  SELECT label FROM  specialites 
					   WHERE id_spec = 4 
 
 06-May-2014 , 12:00:49 |  SELECT nom FROM  institution 
					   WHERE id_institut = 5 
 
 06-May-2014 , 12:00:49 |  SELECT label FROM  gouvernorat 
					   WHERE id_gouv = 2 
 
 06-May-2014 , 12:00:49 |  SELECT label FROM  specialites 
					   WHERE id_spec = 4 
 
 06-May-2014 , 12:01:07 |  SELECT label FROM  specialites 
					   WHERE id_spec = 4 
 
 06-May-2014 , 12:01:07 |  SELECT nom FROM  institution 
					   WHERE id_institut = 5 
 
 06-May-2014 , 12:01:07 |  SELECT label FROM  gouvernorat 
					   WHERE id_gouv = 2 
 
 06-May-2014 , 12:01:07 |  SELECT label FROM  specialites 
					   WHERE id_spec = 4 
 
 06-May-2014 , 12:04:34 |  SELECT label FROM  specialites 
					   WHERE id_spec = 4 
 
 06-May-2014 , 12:04:34 |  SELECT nom FROM  institution 
					   WHERE id_institut = 5 
 
 06-May-2014 , 12:04:34 |  SELECT label FROM  gouvernorat 
					   WHERE id_gouv = 2 
 
 06-May-2014 , 12:04:34 |  SELECT label FROM  specialites 
					   WHERE id_spec = 4 
 
 06-May-2014 , 12:10:44 |  SELECT label FROM  specialites 
					   WHERE id_spec = 4 
 
 06-May-2014 , 12:10:44 |  SELECT nom FROM  institution 
					   WHERE id_institut = 5 
 
 06-May-2014 , 12:10:44 |  SELECT label FROM  gouvernorat 
					   WHERE id_gouv = 2 
 
 06-May-2014 , 12:10:44 |  SELECT label FROM  specialites 
					   WHERE id_spec = 4 
 
 06-May-2014 , 12:16:09 |  SELECT label FROM  specialites 
					   WHERE id_spec = 4 
 
 06-May-2014 , 12:16:09 |  SELECT nom FROM  institution 
					   WHERE id_institut = 5 
 
 06-May-2014 , 12:16:09 |  SELECT label FROM  gouvernorat 
					   WHERE id_gouv = 2 
 
 06-May-2014 , 12:16:09 |  SELECT label FROM  specialites 
					   WHERE id_spec = 4 
 
 06-May-2014 , 12:19:26 |  SELECT label FROM  specialites 
					   WHERE id_spec = 4 
 
 06-May-2014 , 12:19:26 |  SELECT nom FROM  institution 
					   WHERE id_institut = 5 
 
 06-May-2014 , 12:19:26 |  SELECT label FROM  gouvernorat 
					   WHERE id_gouv = 2 
 
 06-May-2014 , 12:19:26 |  SELECT label FROM  specialites 
					   WHERE id_spec = 4 
 
 06-May-2014 , 12:19:34 |  SELECT label FROM  specialites 
					   WHERE id_spec = 4 
 
 06-May-2014 , 12:19:34 |  SELECT nom FROM  institution 
					   WHERE id_institut = 5 
 
 06-May-2014 , 12:19:34 |  SELECT label FROM  gouvernorat 
					   WHERE id_gouv = 2 
 
 06-May-2014 , 12:19:34 |  SELECT label FROM  specialites 
					   WHERE id_spec = 4 
 
 06-May-2014 , 12:22:24 |  SELECT label FROM  specialites 
					   WHERE id_spec = 4 
 
 06-May-2014 , 12:22:24 |  SELECT nom FROM  institution 
					   WHERE id_institut = 5 
 
 06-May-2014 , 12:22:24 |  SELECT label FROM  gouvernorat 
					   WHERE id_gouv = 2 
 
 06-May-2014 , 12:22:24 |  SELECT label FROM  specialites 
					   WHERE id_spec = 4 
 
 06-May-2014 , 12:22:39 |  SELECT label FROM  specialites 
					   WHERE id_spec = 4 
 
 06-May-2014 , 12:22:39 |  SELECT nom FROM  institution 
					   WHERE id_institut = 5 
 
 06-May-2014 , 12:22:39 |  SELECT label FROM  gouvernorat 
					   WHERE id_gouv = 2 
 
 06-May-2014 , 12:22:39 |  SELECT label FROM  specialites 
					   WHERE id_spec = 4 
 
 06-May-2014 , 12:23:58 |  SELECT label FROM  specialites 
					   WHERE id_spec = 4 
 
 06-May-2014 , 12:23:58 |  SELECT nom FROM  institution 
					   WHERE id_institut = 5 
 
 06-May-2014 , 12:23:58 |  SELECT label FROM  gouvernorat 
					   WHERE id_gouv = 2 
 
 06-May-2014 , 12:23:58 |  SELECT label FROM  specialites 
					   WHERE id_spec = 4 
 
 06-May-2014 , 12:30:30 |  SELECT label FROM  specialites 
					   WHERE id_spec = 4 
 
 06-May-2014 , 12:30:30 |  SELECT nom FROM  institution 
					   WHERE id_institut = 5 
 
 06-May-2014 , 12:30:30 |  SELECT label FROM  gouvernorat 
					   WHERE id_gouv = 2 
 
 06-May-2014 , 12:30:30 |  SELECT label FROM  specialites 
					   WHERE id_spec = 4 
 
 06-May-2014 , 12:36:42 |  SELECT label FROM  specialites 
					   WHERE id_spec = 4 
 
 06-May-2014 , 12:36:42 |  SELECT nom FROM  institution 
					   WHERE id_institut = 5 
 
 06-May-2014 , 12:36:42 |  SELECT label FROM  gouvernorat 
					   WHERE id_gouv = 2 
 
 06-May-2014 , 12:36:42 |  SELECT label FROM  specialites 
					   WHERE id_spec = 4 
 
 06-May-2014 , 12:47:27 |  SELECT label FROM  specialites 
					   WHERE id_spec = 4 
 
 06-May-2014 , 12:47:27 |  SELECT nom FROM  institution 
					   WHERE id_institut = 5 
 
 06-May-2014 , 12:47:27 |  SELECT label FROM  gouvernorat 
					   WHERE id_gouv = 2 
 
 06-May-2014 , 12:47:27 |  SELECT label FROM  specialites 
					   WHERE id_spec = 4 
 
 06-May-2014 , 13:49:00 |  SELECT label FROM  specialites 
					   WHERE id_spec = 4 
 
 06-May-2014 , 13:49:00 |  SELECT nom FROM  institution 
					   WHERE id_institut = 5 
 
 06-May-2014 , 13:49:00 |  SELECT label FROM  gouvernorat 
					   WHERE id_gouv = 2 
 
 06-May-2014 , 13:49:00 |  SELECT label FROM  specialites 
					   WHERE id_spec = 4 
 
 06-May-2014 , 13:49:05 |  SELECT label FROM  specialites 
					   WHERE id_spec = 4 
 
 06-May-2014 , 13:49:05 |  SELECT nom FROM  institution 
					   WHERE id_institut = 5 
 
 06-May-2014 , 13:49:05 |  SELECT label FROM  gouvernorat 
					   WHERE id_gouv = 2 
 
 06-May-2014 , 13:49:05 |  SELECT label FROM  specialites 
					   WHERE id_spec = 4 
 
 06-May-2014 , 13:52:14 |  SELECT label FROM  specialites 
					   WHERE id_spec = 4 
 
 06-May-2014 , 13:52:14 |  SELECT nom FROM  institution 
					   WHERE id_institut = 5 
 
 06-May-2014 , 13:52:14 |  SELECT label FROM  gouvernorat 
					   WHERE id_gouv = 2 
 
 06-May-2014 , 13:52:14 |  SELECT label FROM  specialites 
					   WHERE id_spec = 4 
 
 06-May-2014 , 14:08:11 |  SELECT label FROM  specialites 
					   WHERE id_spec = 4 
 
 06-May-2014 , 14:08:11 |  SELECT nom FROM  institution 
					   WHERE id_institut = 5 
 
 06-May-2014 , 14:08:11 |  SELECT label FROM  gouvernorat 
					   WHERE id_gouv = 2 
 
 06-May-2014 , 14:08:11 |  SELECT label FROM  specialites 
					   WHERE id_spec = 4 
 
 06-May-2014 , 14:08:15 |  SELECT label FROM  specialites 
					   WHERE id_spec = 4 
 
 06-May-2014 , 14:08:15 |  SELECT nom FROM  institution 
					   WHERE id_institut = 5 
 
 06-May-2014 , 14:08:15 |  SELECT label FROM  gouvernorat 
					   WHERE id_gouv = 2 
 
 06-May-2014 , 14:08:15 |  SELECT label FROM  specialites 
					   WHERE id_spec = 4 
 
 06-May-2014 , 14:09:43 |  SELECT label FROM  specialites 
					   WHERE id_spec = 4 
 
 06-May-2014 , 14:09:43 |  SELECT nom FROM  institution 
					   WHERE id_institut = 5 
 
 06-May-2014 , 14:09:43 |  SELECT label FROM  gouvernorat 
					   WHERE id_gouv = 2 
 
 06-May-2014 , 14:09:43 |  SELECT label FROM  specialites 
					   WHERE id_spec = 4 
 
 06-May-2014 , 14:10:17 |  SELECT label FROM  specialites 
					   WHERE id_spec = 4 
 
 06-May-2014 , 14:10:17 |  SELECT nom FROM  institution 
					   WHERE id_institut = 5 
 
 06-May-2014 , 14:10:17 |  SELECT label FROM  gouvernorat 
					   WHERE id_gouv = 2 
 
 06-May-2014 , 14:10:17 |  SELECT label FROM  specialites 
					   WHERE id_spec = 4 
 
 06-May-2014 , 14:12:03 |  SELECT label FROM  specialites 
					   WHERE id_spec = 4 
 
 06-May-2014 , 14:12:03 |  SELECT nom FROM  institution 
					   WHERE id_institut = 5 
 
 06-May-2014 , 14:12:03 |  SELECT label FROM  gouvernorat 
					   WHERE id_gouv = 2 
 
 06-May-2014 , 14:12:03 |  SELECT label FROM  specialites 
					   WHERE id_spec = 4 
 
 06-May-2014 , 14:27:38 |  SELECT label FROM  specialites 
					   WHERE id_spec = 4 
 
 06-May-2014 , 14:27:38 |  SELECT nom FROM  institution 
					   WHERE id_institut = 5 
 
 06-May-2014 , 14:27:38 |  SELECT label FROM  gouvernorat 
					   WHERE id_gouv = 2 
 
 06-May-2014 , 14:27:38 |  SELECT label FROM  specialites 
					   WHERE id_spec = 4 
 
 06-May-2014 , 14:30:16 |  SELECT label FROM  specialites 
					   WHERE id_spec = 4 
 
 06-May-2014 , 14:30:16 |  SELECT nom FROM  institution 
					   WHERE id_institut = 5 
 
 06-May-2014 , 14:30:16 |  SELECT label FROM  gouvernorat 
					   WHERE id_gouv = 2 
 
 06-May-2014 , 14:30:16 |  SELECT label FROM  specialites 
					   WHERE id_spec = 4 
 
 06-May-2014 , 14:34:20 |  SELECT label FROM  specialites 
					   WHERE id_spec = 4 
 
 06-May-2014 , 14:34:20 |  SELECT nom FROM  institution 
					   WHERE id_institut = 5 
 
 06-May-2014 , 14:34:20 |  SELECT label FROM  gouvernorat 
					   WHERE id_gouv = 2 
 
 06-May-2014 , 14:34:20 |  SELECT label FROM  specialites 
					   WHERE id_spec = 4 
 
 06-May-2014 , 14:46:35 |  SELECT label FROM  specialites 
					   WHERE id_spec = 4 
 
 06-May-2014 , 14:46:35 |  SELECT nom FROM  institution 
					   WHERE id_institut = 5 
 
 06-May-2014 , 14:46:35 |  SELECT label FROM  gouvernorat 
					   WHERE id_gouv = 2 
 
 06-May-2014 , 14:46:35 |  SELECT label FROM  specialites 
					   WHERE id_spec = 4 
 
 06-May-2014 , 14:47:50 |  SELECT label FROM  specialites 
					   WHERE id_spec = 4 
 
 06-May-2014 , 14:47:50 |  SELECT nom FROM  institution 
					   WHERE id_institut = 5 
 
 06-May-2014 , 14:47:50 |  SELECT label FROM  gouvernorat 
					   WHERE id_gouv = 2 
 
 06-May-2014 , 14:47:50 |  SELECT label FROM  specialites 
					   WHERE id_spec = 4 
 
 06-May-2014 , 14:47:52 |  SELECT label FROM  specialites 
					   WHERE id_spec = 4 
 
 06-May-2014 , 14:47:52 |  SELECT nom FROM  institution 
					   WHERE id_institut = 5 
 
 06-May-2014 , 14:47:52 |  SELECT label FROM  gouvernorat 
					   WHERE id_gouv = 2 
 
 06-May-2014 , 14:47:52 |  SELECT label FROM  specialites 
					   WHERE id_spec = 4 
 
 06-May-2014 , 14:51:01 |  SELECT label FROM  specialites 
					   WHERE id_spec = 4 
 
 06-May-2014 , 14:51:01 |  SELECT nom FROM  institution 
					   WHERE id_institut = 5 
 
 06-May-2014 , 14:51:01 |  SELECT label FROM  gouvernorat 
					   WHERE id_gouv = 2 
 
 06-May-2014 , 14:51:01 |  SELECT label FROM  specialites 
					   WHERE id_spec = 4 
 
 06-May-2014 , 15:23:15 |  SELECT label FROM  specialites 
					   WHERE id_spec = 4 
 
 06-May-2014 , 15:23:15 |  SELECT nom FROM  institution 
					   WHERE id_institut = 5 
 
 06-May-2014 , 15:23:15 |  SELECT label FROM  gouvernorat 
					   WHERE id_gouv = 2 
 
 06-May-2014 , 15:23:15 |  SELECT label FROM  specialites 
					   WHERE id_spec = 4 
 
 06-May-2014 , 15:23:41 |  SELECT label FROM  specialites 
					   WHERE id_spec = 4 
 
 06-May-2014 , 15:23:41 |  SELECT nom FROM  institution 
					   WHERE id_institut = 5 
 
 06-May-2014 , 15:23:41 |  SELECT label FROM  gouvernorat 
					   WHERE id_gouv = 2 
 
 06-May-2014 , 15:23:41 |  SELECT label FROM  specialites 
					   WHERE id_spec = 4 
 
 06-May-2014 , 15:26:40 |  SELECT label FROM  specialites 
					   WHERE id_spec = 4 
 
 06-May-2014 , 15:26:40 |  SELECT nom FROM  institution 
					   WHERE id_institut = 5 
 
 06-May-2014 , 15:26:40 |  SELECT label FROM  gouvernorat 
					   WHERE id_gouv = 2 
 
 06-May-2014 , 15:26:40 |  SELECT label FROM  specialites 
					   WHERE id_spec = 4 
 
 06-May-2014 , 15:27:08 |  SELECT label FROM  specialites 
					   WHERE id_spec = 4 
 
 06-May-2014 , 15:27:08 |  SELECT nom FROM  institution 
					   WHERE id_institut = 5 
 
 06-May-2014 , 15:27:08 |  SELECT label FROM  gouvernorat 
					   WHERE id_gouv = 2 
 
 06-May-2014 , 15:27:08 |  SELECT label FROM  specialites 
					   WHERE id_spec = 4 
 
 06-May-2014 , 15:30:56 |  SELECT label FROM  specialites 
					   WHERE id_spec = 4 
 
 06-May-2014 , 15:30:56 |  SELECT nom FROM  institution 
					   WHERE id_institut = 5 
 
 06-May-2014 , 15:30:56 |  SELECT label FROM  gouvernorat 
					   WHERE id_gouv = 2 
 
 06-May-2014 , 15:30:56 |  SELECT label FROM  specialites 
					   WHERE id_spec = 4 
 
 06-May-2014 , 15:31:28 |  SELECT label FROM  specialites 
					   WHERE id_spec = 4 
 
 06-May-2014 , 15:31:28 |  SELECT nom FROM  institution 
					   WHERE id_institut = 5 
 
 06-May-2014 , 15:31:28 |  SELECT label FROM  gouvernorat 
					   WHERE id_gouv = 2 
 
 06-May-2014 , 15:31:28 |  SELECT label FROM  specialites 
					   WHERE id_spec = 4 
 
 06-May-2014 , 15:31:48 |  SELECT label FROM  specialites 
					   WHERE id_spec = 4 
 
 06-May-2014 , 15:31:48 |  SELECT nom FROM  institution 
					   WHERE id_institut = 5 
 
 06-May-2014 , 15:31:48 |  SELECT label FROM  gouvernorat 
					   WHERE id_gouv = 2 
 
 06-May-2014 , 15:31:48 |  SELECT label FROM  specialites 
					   WHERE id_spec = 4 
 
 06-May-2014 , 15:32:25 |  SELECT label FROM  specialites 
					   WHERE id_spec = 4 
 
 06-May-2014 , 15:32:25 |  SELECT nom FROM  institution 
					   WHERE id_institut = 5 
 
 06-May-2014 , 15:32:25 |  SELECT label FROM  gouvernorat 
					   WHERE id_gouv = 2 
 
 06-May-2014 , 15:32:25 |  SELECT label FROM  specialites 
					   WHERE id_spec = 4 
 
 06-May-2014 , 15:35:40 |  SELECT label FROM  specialites 
					   WHERE id_spec = 4 
 
 06-May-2014 , 15:35:40 |  SELECT nom FROM  institution 
					   WHERE id_institut = 5 
 
 06-May-2014 , 15:35:40 |  SELECT label FROM  gouvernorat 
					   WHERE id_gouv = 2 
 
 06-May-2014 , 15:35:40 |  SELECT label FROM  specialites 
					   WHERE id_spec = 4 
 
 06-May-2014 , 15:37:18 |  SELECT label FROM  specialites 
					   WHERE id_spec = 4 
 
 06-May-2014 , 15:37:18 |  SELECT nom FROM  institution 
					   WHERE id_institut = 5 
 
 06-May-2014 , 15:37:18 |  SELECT label FROM  gouvernorat 
					   WHERE id_gouv = 2 
 
 06-May-2014 , 15:37:18 |  SELECT label FROM  specialites 
					   WHERE id_spec = 4 
 
 06-May-2014 , 15:38:40 |  SELECT label FROM  specialites 
					   WHERE id_spec = 4 
 
 06-May-2014 , 15:38:40 |  SELECT nom FROM  institution 
					   WHERE id_institut = 5 
 
 06-May-2014 , 15:38:40 |  SELECT label FROM  gouvernorat 
					   WHERE id_gouv = 2 
 
 06-May-2014 , 15:38:40 |  SELECT label FROM  specialites 
					   WHERE id_spec = 4 
 
 06-May-2014 , 15:41:20 |  SELECT label FROM  specialites 
					   WHERE id_spec = 4 
 
 06-May-2014 , 15:41:20 |  SELECT nom FROM  institution 
					   WHERE id_institut = 5 
 
 06-May-2014 , 15:41:20 |  SELECT label FROM  gouvernorat 
					   WHERE id_gouv = 2 
 
 06-May-2014 , 15:41:20 |  SELECT label FROM  specialites 
					   WHERE id_spec = 4 
 
 06-May-2014 , 15:42:52 |  SELECT label FROM  specialites 
					   WHERE id_spec = 4 
 
 06-May-2014 , 15:42:52 |  SELECT nom FROM  institution 
					   WHERE id_institut = 5 
 
 06-May-2014 , 15:42:52 |  SELECT label FROM  gouvernorat 
					   WHERE id_gouv = 2 
 
 06-May-2014 , 15:42:52 |  SELECT label FROM  specialites 
					   WHERE id_spec = 4 
 
 06-May-2014 , 15:45:01 |  SELECT label FROM  specialites 
					   WHERE id_spec = 4 
 
 06-May-2014 , 15:45:01 |  SELECT nom FROM  institution 
					   WHERE id_institut = 5 
 
 06-May-2014 , 15:45:01 |  SELECT label FROM  gouvernorat 
					   WHERE id_gouv = 2 
 
 06-May-2014 , 15:45:01 |  SELECT label FROM  specialites 
					   WHERE id_spec = 4 
 
 06-May-2014 , 15:45:33 |  SELECT label FROM  specialites 
					   WHERE id_spec = 4 
 
 06-May-2014 , 15:45:33 |  SELECT nom FROM  institution 
					   WHERE id_institut = 5 
 
 06-May-2014 , 15:45:33 |  SELECT label FROM  gouvernorat 
					   WHERE id_gouv = 2 
 
 06-May-2014 , 15:45:33 |  SELECT label FROM  specialites 
					   WHERE id_spec = 4 
 
 06-May-2014 , 15:50:44 |  SELECT label FROM  specialites 
					   WHERE id_spec = 4 
 
 06-May-2014 , 15:50:44 |  SELECT nom FROM  institution 
					   WHERE id_institut = 5 
 
 06-May-2014 , 15:50:44 |  SELECT label FROM  gouvernorat 
					   WHERE id_gouv = 2 
 
 06-May-2014 , 15:50:44 |  SELECT label FROM  specialites 
					   WHERE id_spec = 4 
 
 06-May-2014 , 15:51:29 |  SELECT label FROM  specialites 
					   WHERE id_spec = 4 
 
 06-May-2014 , 15:51:29 |  SELECT nom FROM  institution 
					   WHERE id_institut = 5 
 
 06-May-2014 , 15:51:29 |  SELECT label FROM  gouvernorat 
					   WHERE id_gouv = 2 
 
 06-May-2014 , 15:51:29 |  SELECT label FROM  specialites 
					   WHERE id_spec = 4 
 
 06-May-2014 , 15:51:50 |  SELECT label FROM  specialites 
					   WHERE id_spec = 4 
 
 06-May-2014 , 15:51:50 |  SELECT nom FROM  institution 
					   WHERE id_institut = 5 
 
 06-May-2014 , 15:51:50 |  SELECT label FROM  gouvernorat 
					   WHERE id_gouv = 2 
 
 06-May-2014 , 15:51:50 |  SELECT label FROM  specialites 
					   WHERE id_spec = 4 
 
 06-May-2014 , 15:53:13 |  SELECT label FROM  specialites 
					   WHERE id_spec = 4 
 
 06-May-2014 , 15:53:13 |  SELECT nom FROM  institution 
					   WHERE id_institut = 5 
 
 06-May-2014 , 15:53:13 |  SELECT label FROM  gouvernorat 
					   WHERE id_gouv = 2 
 
 06-May-2014 , 15:53:13 |  SELECT label FROM  specialites 
					   WHERE id_spec = 4 
 
 06-May-2014 , 15:53:52 |  SELECT label FROM  specialites 
					   WHERE id_spec = 4 
 
 06-May-2014 , 15:53:52 |  SELECT nom FROM  institution 
					   WHERE id_institut = 5 
 
 06-May-2014 , 15:53:52 |  SELECT label FROM  gouvernorat 
					   WHERE id_gouv = 2 
 
 06-May-2014 , 15:53:52 |  SELECT label FROM  specialites 
					   WHERE id_spec = 4 
 
 06-May-2014 , 15:54:11 |  SELECT label FROM  specialites 
					   WHERE id_spec = 4 
 
 06-May-2014 , 15:54:11 |  SELECT nom FROM  institution 
					   WHERE id_institut = 5 
 
 06-May-2014 , 15:54:11 |  SELECT label FROM  gouvernorat 
					   WHERE id_gouv = 2 
 
 06-May-2014 , 15:54:11 |  SELECT label FROM  specialites 
					   WHERE id_spec = 4 
 
 06-May-2014 , 16:38:22 |  SELECT label FROM  specialites 
					   WHERE id_spec = 4 
 
 06-May-2014 , 16:38:22 |  SELECT nom FROM  institution 
					   WHERE id_institut = 5 
 
 06-May-2014 , 16:38:22 |  SELECT label FROM  gouvernorat 
					   WHERE id_gouv = 2 
 
 06-May-2014 , 16:38:22 |  SELECT label FROM  specialites 
					   WHERE id_spec = 4 
 
 06-May-2014 , 16:38:26 |  SELECT label FROM  specialites 
					   WHERE id_spec = 4 
 
 06-May-2014 , 16:38:26 |  SELECT nom FROM  institution 
					   WHERE id_institut = 5 
 
 06-May-2014 , 16:38:26 |  SELECT label FROM  gouvernorat 
					   WHERE id_gouv = 2 
 
 06-May-2014 , 16:38:26 |  SELECT label FROM  specialites 
					   WHERE id_spec = 4 
 
 06-May-2014 , 16:38:30 |  SELECT label FROM  specialites 
					   WHERE id_spec = 4 
 
 06-May-2014 , 16:38:30 |  SELECT nom FROM  institution 
					   WHERE id_institut = 5 
 
 06-May-2014 , 16:38:30 |  SELECT label FROM  gouvernorat 
					   WHERE id_gouv = 2 
 
 06-May-2014 , 16:38:30 |  SELECT label FROM  specialites 
					   WHERE id_spec = 4 
 
 06-May-2014 , 16:39:37 |  SELECT label FROM  specialites 
					   WHERE id_spec = 4 
 
 06-May-2014 , 16:39:37 |  SELECT nom FROM  institution 
					   WHERE id_institut = 5 
 
 06-May-2014 , 16:39:37 |  SELECT label FROM  gouvernorat 
					   WHERE id_gouv = 2 
 
 06-May-2014 , 16:39:37 |  SELECT label FROM  specialites 
					   WHERE id_spec = 4 
 
 06-May-2014 , 16:40:42 |  SELECT label FROM  specialites 
					   WHERE id_spec = 4 
 
 06-May-2014 , 16:40:42 |  SELECT nom FROM  institution 
					   WHERE id_institut = 5 
 
 06-May-2014 , 16:40:42 |  SELECT label FROM  gouvernorat 
					   WHERE id_gouv = 2 
 
 06-May-2014 , 16:40:42 |  SELECT label FROM  specialites 
					   WHERE id_spec = 4 
 
 06-May-2014 , 16:52:06 |  SELECT label FROM  specialites 
					   WHERE id_spec = 4 
 
 06-May-2014 , 16:52:06 |  SELECT nom FROM  institution 
					   WHERE id_institut = 5 
 
 06-May-2014 , 16:52:06 |  SELECT label FROM  gouvernorat 
					   WHERE id_gouv = 2 
 
 06-May-2014 , 16:52:06 |  SELECT label FROM  specialites 
					   WHERE id_spec = 4 
 
 06-May-2014 , 16:52:11 |  SELECT label FROM  specialites 
					   WHERE id_spec = 4 
 
 06-May-2014 , 16:52:11 |  SELECT nom FROM  institution 
					   WHERE id_institut = 5 
 
 06-May-2014 , 16:52:11 |  SELECT label FROM  gouvernorat 
					   WHERE id_gouv = 2 
 
 06-May-2014 , 16:52:11 |  SELECT label FROM  specialites 
					   WHERE id_spec = 4 
 
 06-May-2014 , 16:52:26 |  SELECT label FROM  specialites 
					   WHERE id_spec = 4 
 
 06-May-2014 , 16:52:26 |  SELECT nom FROM  institution 
					   WHERE id_institut = 5 
 
 06-May-2014 , 16:52:26 |  SELECT label FROM  gouvernorat 
					   WHERE id_gouv = 2 
 
 06-May-2014 , 16:52:26 |  SELECT label FROM  specialites 
					   WHERE id_spec = 4 
 
 06-May-2014 , 16:53:56 |  SELECT label FROM  specialites 
					   WHERE id_spec = 4 
 
 06-May-2014 , 16:53:56 |  SELECT nom FROM  institution 
					   WHERE id_institut = 5 
 
 06-May-2014 , 16:53:56 |  SELECT label FROM  gouvernorat 
					   WHERE id_gouv = 2 
 
 06-May-2014 , 16:53:56 |  SELECT label FROM  specialites 
					   WHERE id_spec = 4 
 
 06-May-2014 , 17:08:23 |  SELECT label FROM  specialites 
					   WHERE id_spec = 4 
 
 06-May-2014 , 17:08:23 |  SELECT nom FROM  institution 
					   WHERE id_institut = 5 
 
 06-May-2014 , 17:08:23 |  SELECT label FROM  gouvernorat 
					   WHERE id_gouv = 2 
 
 06-May-2014 , 17:08:23 |  SELECT label FROM  specialites 
					   WHERE id_spec = 4 
 
 06-May-2014 , 17:08:27 |  SELECT label FROM  specialites 
					   WHERE id_spec = 4 
 
 06-May-2014 , 17:08:27 |  SELECT nom FROM  institution 
					   WHERE id_institut = 5 
 
 06-May-2014 , 17:08:27 |  SELECT label FROM  gouvernorat 
					   WHERE id_gouv = 2 
 
 06-May-2014 , 17:08:27 |  SELECT label FROM  specialites 
					   WHERE id_spec = 4 
 
 06-May-2014 , 18:18:48 |  SELECT label FROM  specialites 
					   WHERE id_spec = 4 
 
 06-May-2014 , 18:18:48 |  SELECT nom FROM  institution 
					   WHERE id_institut = 5 
 
 06-May-2014 , 18:18:48 |  SELECT label FROM  gouvernorat 
					   WHERE id_gouv = 2 
 
 06-May-2014 , 18:18:48 |  SELECT label FROM  specialites 
					   WHERE id_spec = 4 
 
 06-May-2014 , 18:18:57 |  SELECT label FROM  specialites 
					   WHERE id_spec = 4 
 
 06-May-2014 , 18:18:57 |  SELECT nom FROM  institution 
					   WHERE id_institut = 5 
 
 06-May-2014 , 18:18:57 |  SELECT label FROM  gouvernorat 
					   WHERE id_gouv = 2 
 
 06-May-2014 , 18:18:57 |  SELECT label FROM  specialites 
					   WHERE id_spec = 4 
 
 06-May-2014 , 18:19:43 |  SELECT label FROM  specialites 
					   WHERE id_spec = 4 
 
 06-May-2014 , 18:19:43 |  SELECT nom FROM  institution 
					   WHERE id_institut = 5 
 
 06-May-2014 , 18:19:43 |  SELECT label FROM  gouvernorat 
					   WHERE id_gouv = 2 
 
 06-May-2014 , 18:19:43 |  SELECT label FROM  specialites 
					   WHERE id_spec = 4 
 
 06-May-2014 , 18:23:15 |  SELECT label FROM  specialites 
					   WHERE id_spec = 4 
 
 06-May-2014 , 18:23:15 |  SELECT nom FROM  institution 
					   WHERE id_institut = 5 
 
 06-May-2014 , 18:23:15 |  SELECT label FROM  gouvernorat 
					   WHERE id_gouv = 2 
 
 06-May-2014 , 18:23:15 |  SELECT label FROM  specialites 
					   WHERE id_spec = 4 
 
 06-May-2014 , 18:23:32 |  SELECT label FROM  specialites 
					   WHERE id_spec = 4 
 
 06-May-2014 , 18:23:32 |  SELECT nom FROM  institution 
					   WHERE id_institut = 5 
 
 06-May-2014 , 18:23:32 |  SELECT label FROM  gouvernorat 
					   WHERE id_gouv = 2 
 
 06-May-2014 , 18:23:32 |  SELECT label FROM  specialites 
					   WHERE id_spec = 4 
 
 06-May-2014 , 18:23:35 |  SELECT label FROM  specialites 
					   WHERE id_spec = 4 
 
 06-May-2014 , 18:23:35 |  SELECT nom FROM  institution 
					   WHERE id_institut = 5 
 
 06-May-2014 , 18:23:35 |  SELECT label FROM  gouvernorat 
					   WHERE id_gouv = 2 
 
 06-May-2014 , 18:23:35 |  SELECT label FROM  specialites 
					   WHERE id_spec = 4 
 
 06-May-2014 , 18:23:38 |  SELECT label FROM  specialites 
					   WHERE id_spec = 4 
 
 06-May-2014 , 18:23:38 |  SELECT nom FROM  institution 
					   WHERE id_institut = 5 
 
 06-May-2014 , 18:23:38 |  SELECT label FROM  gouvernorat 
					   WHERE id_gouv = 2 
 
 06-May-2014 , 18:23:38 |  SELECT label FROM  specialites 
					   WHERE id_spec = 4 
 
 06-May-2014 , 18:29:13 |  SELECT label FROM  specialites 
					   WHERE id_spec = 4 
 
 06-May-2014 , 18:29:13 |  SELECT nom FROM  institution 
					   WHERE id_institut = 5 
 
 06-May-2014 , 18:29:13 |  SELECT label FROM  gouvernorat 
					   WHERE id_gouv = 2 
 
 06-May-2014 , 18:29:13 |  SELECT label FROM  specialites 
					   WHERE id_spec = 4 
 
 06-May-2014 , 18:29:22 |  SELECT label FROM  specialites 
					   WHERE id_spec = 4 
 
 06-May-2014 , 18:29:22 |  SELECT nom FROM  institution 
					   WHERE id_institut = 5 
 
 06-May-2014 , 18:29:22 |  SELECT label FROM  gouvernorat 
					   WHERE id_gouv = 2 
 
 06-May-2014 , 18:29:22 |  SELECT label FROM  specialites 
					   WHERE id_spec = 4 
 
 06-May-2014 , 18:29:30 |  SELECT label FROM  specialites 
					   WHERE id_spec = 4 
 
 06-May-2014 , 18:29:30 |  SELECT nom FROM  institution 
					   WHERE id_institut = 5 
 
 06-May-2014 , 18:29:30 |  SELECT label FROM  gouvernorat 
					   WHERE id_gouv = 2 
 
 06-May-2014 , 18:29:30 |  SELECT label FROM  specialites 
					   WHERE id_spec = 4 
 
 06-May-2014 , 18:29:33 |  SELECT label FROM  specialites 
					   WHERE id_spec = 4 
 
 06-May-2014 , 18:29:33 |  SELECT nom FROM  institution 
					   WHERE id_institut = 5 
 
 06-May-2014 , 18:29:33 |  SELECT label FROM  gouvernorat 
					   WHERE id_gouv = 2 
 
 06-May-2014 , 18:29:33 |  SELECT label FROM  specialites 
					   WHERE id_spec = 4 
 
 06-May-2014 , 18:29:35 |  SELECT label FROM  specialites 
					   WHERE id_spec = 4 
 
 06-May-2014 , 18:29:35 |  SELECT nom FROM  institution 
					   WHERE id_institut = 5 
 
 06-May-2014 , 18:29:35 |  SELECT label FROM  gouvernorat 
					   WHERE id_gouv = 2 
 
 06-May-2014 , 18:29:35 |  SELECT label FROM  specialites 
					   WHERE id_spec = 4 
 
 06-May-2014 , 18:29:38 |  SELECT label FROM  specialites 
					   WHERE id_spec = 4 
 
 06-May-2014 , 18:29:38 |  SELECT nom FROM  institution 
					   WHERE id_institut = 5 
 
 06-May-2014 , 18:29:38 |  SELECT label FROM  gouvernorat 
					   WHERE id_gouv = 2 
 
 06-May-2014 , 18:29:38 |  SELECT label FROM  specialites 
					   WHERE id_spec = 4 
 
 07-May-2014 , 11:41:06 |  SELECT label FROM  specialites 
					   WHERE id_spec = 4 
 
 07-May-2014 , 11:41:06 |  SELECT nom FROM  institution 
					   WHERE id_institut = 5 
 
 07-May-2014 , 11:41:06 |  SELECT label FROM  gouvernorat 
					   WHERE id_gouv = 2 
 
 07-May-2014 , 11:41:06 |  SELECT label FROM  specialites 
					   WHERE id_spec = 4 
 
 07-May-2014 , 11:41:23 |  SELECT label FROM  specialites 
					   WHERE id_spec = 4 
 
 07-May-2014 , 11:41:23 |  SELECT nom FROM  institution 
					   WHERE id_institut = 5 
 
 07-May-2014 , 11:41:23 |  SELECT label FROM  gouvernorat 
					   WHERE id_gouv = 2 
 
 07-May-2014 , 11:41:23 |  SELECT label FROM  specialites 
					   WHERE id_spec = 4 
 
 07-May-2014 , 11:41:34 |  SELECT label FROM  specialites 
					   WHERE id_spec = 4 
 
 07-May-2014 , 11:41:34 |  SELECT nom FROM  institution 
					   WHERE id_institut = 5 
 
 07-May-2014 , 11:41:34 |  SELECT label FROM  gouvernorat 
					   WHERE id_gouv = 2 
 
 07-May-2014 , 11:41:34 |  SELECT label FROM  specialites 
					   WHERE id_spec = 4 
 
 07-May-2014 , 11:45:31 |  SELECT label FROM  specialites 
					   WHERE id_spec = 4 
 
 07-May-2014 , 11:45:31 |  SELECT nom FROM  institution 
					   WHERE id_institut = 5 
 
 07-May-2014 , 11:45:31 |  SELECT label FROM  gouvernorat 
					   WHERE id_gouv = 2 
 
 07-May-2014 , 11:45:31 |  SELECT label FROM  specialites 
					   WHERE id_spec = 4 
 
 07-May-2014 , 11:45:51 |  SELECT label FROM  specialites 
					   WHERE id_spec = 4 
 
 07-May-2014 , 11:45:51 |  SELECT nom FROM  institution 
					   WHERE id_institut = 5 
 
 07-May-2014 , 11:45:51 |  SELECT label FROM  gouvernorat 
					   WHERE id_gouv = 2 
 
 07-May-2014 , 11:45:51 |  SELECT label FROM  specialites 
					   WHERE id_spec = 4 
 
 07-May-2014 , 11:46:19 |  SELECT label FROM  specialites 
					   WHERE id_spec = 4 
 
 07-May-2014 , 11:46:19 |  SELECT nom FROM  institution 
					   WHERE id_institut = 5 
 
 07-May-2014 , 11:46:19 |  SELECT label FROM  gouvernorat 
					   WHERE id_gouv = 2 
 
 07-May-2014 , 11:46:19 |  SELECT label FROM  specialites 
					   WHERE id_spec = 4 
 
 07-May-2014 , 11:47:42 |  SELECT label FROM  specialites 
					   WHERE id_spec = 4 
 
 07-May-2014 , 11:47:42 |  SELECT nom FROM  institution 
					   WHERE id_institut = 5 
 
 07-May-2014 , 11:47:42 |  SELECT label FROM  gouvernorat 
					   WHERE id_gouv = 2 
 
 07-May-2014 , 11:47:42 |  SELECT label FROM  specialites 
					   WHERE id_spec = 4 
 
 07-May-2014 , 11:49:35 |  SELECT label FROM  specialites 
					   WHERE id_spec = 4 
 
 07-May-2014 , 11:49:35 |  SELECT nom FROM  institution 
					   WHERE id_institut = 5 
 
 07-May-2014 , 11:49:35 |  SELECT label FROM  gouvernorat 
					   WHERE id_gouv = 2 
 
 07-May-2014 , 11:49:35 |  SELECT label FROM  specialites 
					   WHERE id_spec = 4 
 
 07-May-2014 , 11:49:36 |  SELECT label FROM  specialites 
					   WHERE id_spec = 4 
 
 07-May-2014 , 11:49:36 |  SELECT nom FROM  institution 
					   WHERE id_institut = 5 
 
 07-May-2014 , 11:49:36 |  SELECT label FROM  gouvernorat 
					   WHERE id_gouv = 2 
 
 07-May-2014 , 11:49:36 |  SELECT label FROM  specialites 
					   WHERE id_spec = 4 
 
 07-May-2014 , 11:50:03 |  SELECT label FROM  specialites 
					   WHERE id_spec = 4 
 
 07-May-2014 , 11:50:03 |  SELECT nom FROM  institution 
					   WHERE id_institut = 5 
 
 07-May-2014 , 11:50:03 |  SELECT label FROM  gouvernorat 
					   WHERE id_gouv = 2 
 
 07-May-2014 , 11:50:03 |  SELECT label FROM  specialites 
					   WHERE id_spec = 4 
 
 07-May-2014 , 11:51:18 |  SELECT label FROM  specialites 
					   WHERE id_spec = 4 
 
 07-May-2014 , 11:51:18 |  SELECT nom FROM  institution 
					   WHERE id_institut = 5 
 
 07-May-2014 , 11:51:18 |  SELECT label FROM  gouvernorat 
					   WHERE id_gouv = 2 
 
 07-May-2014 , 11:51:18 |  SELECT label FROM  specialites 
					   WHERE id_spec = 4 
 
 07-May-2014 , 11:51:32 |  SELECT label FROM  specialites 
					   WHERE id_spec = 4 
 
 07-May-2014 , 11:51:32 |  SELECT nom FROM  institution 
					   WHERE id_institut = 5 
 
 07-May-2014 , 11:51:32 |  SELECT label FROM  gouvernorat 
					   WHERE id_gouv = 2 
 
 07-May-2014 , 11:51:32 |  SELECT label FROM  specialites 
					   WHERE id_spec = 4 
 
 07-May-2014 , 19:04:54 |  SELECT label FROM  specialites 
					   WHERE id_spec = 4 
 
 07-May-2014 , 19:04:54 |  SELECT nom FROM  institution 
					   WHERE id_institut = 5 
 
 07-May-2014 , 19:04:54 |  SELECT label FROM  gouvernorat 
					   WHERE id_gouv = 2 
 
 07-May-2014 , 19:04:54 |  SELECT label FROM  specialites 
					   WHERE id_spec = 4 
 
 07-May-2014 , 19:06:48 |  SELECT label FROM  specialites 
					   WHERE id_spec = 4 
 
 07-May-2014 , 19:06:48 |  SELECT nom FROM  institution 
					   WHERE id_institut = 5 
 
 07-May-2014 , 19:06:48 |  SELECT label FROM  gouvernorat 
					   WHERE id_gouv = 2 
 
 07-May-2014 , 19:06:48 |  SELECT label FROM  specialites 
					   WHERE id_spec = 4 
 
 08-May-2014 , 11:33:52 | INSERT INTO medecin (idMedecin, nom, prenom, genre, fonction, specialite, subSpecialite, adresse, gouvernorat, codePostale, telbureau, telportable, fax, pays_fac, gouv_fac, faculte, anneeDiplome, dateNaiss, email, password)
		 VALUES ('','Mlouki','Salem','Homme',' 1',NULL,'','20, Avenue Des Etats Unis Belvedere',' 1','1002','71555111','98555111','71555111',' 1',' 12',' 2','2005-06-01','1978-07-15','salem@yahoo.com','salem') 
 
 08-May-2014 , 11:33:53 | Nom: Mlouki		Prenom: Salem     Adresse: 20, Avenue Des Etats Unis Belvedere     Pays de faculté:  1     Email: salem@yahoo.com     Password: salem 
 
 08-May-2014 , 11:33:59 |  SELECT nom FROM  institution 
					   WHERE id_institut = 2 
 
 08-May-2014 , 11:33:59 |  SELECT label FROM  gouvernorat 
					   WHERE id_gouv = 1 
 
 08-May-2014 , 11:46:05 |  SELECT nom FROM  institution 
					   WHERE id_institut = 2 
 
 08-May-2014 , 11:46:05 |  SELECT label FROM  gouvernorat 
					   WHERE id_gouv = 1 
 
 08-May-2014 , 11:46:16 |  SELECT nom FROM  institution 
					   WHERE id_institut = 2 
 
 08-May-2014 , 11:46:16 |  SELECT label FROM  gouvernorat 
					   WHERE id_gouv = 1 
 
 08-May-2014 , 11:49:34 |  SELECT nom FROM  institution 
					   WHERE id_institut = 2 
 
 08-May-2014 , 11:49:34 |  SELECT label FROM  gouvernorat 
					   WHERE id_gouv = 1 
 
 08-May-2014 , 11:55:11 |  SELECT nom FROM  institution 
					   WHERE id_institut = 2 
 
 08-May-2014 , 11:55:11 |  SELECT label FROM  gouvernorat 
					   WHERE id_gouv = 1 
 
 08-May-2014 , 11:59:00 |  SELECT nom FROM  institution 
					   WHERE id_institut = 2 
 
 08-May-2014 , 11:59:00 |  SELECT label FROM  gouvernorat 
					   WHERE id_gouv = 1 
 
 08-May-2014 , 11:59:02 |  SELECT nom FROM  institution 
					   WHERE id_institut = 2 
 
 08-May-2014 , 11:59:02 |  SELECT label FROM  gouvernorat 
					   WHERE id_gouv = 1 
 
 08-May-2014 , 11:59:33 |  SELECT nom FROM  institution 
					   WHERE id_institut = 2 
 
 08-May-2014 , 11:59:33 |  SELECT label FROM  gouvernorat 
					   WHERE id_gouv = 1 
 
 09-May-2014 , 12:11:34 |  SELECT label FROM  specialites 
					   WHERE id_spec = 4 
 
 09-May-2014 , 12:11:34 |  SELECT nom FROM  institution 
					   WHERE id_institut = 5 
 
 09-May-2014 , 12:11:34 |  SELECT label FROM  gouvernorat 
					   WHERE id_gouv = 2 
 
 09-May-2014 , 12:11:34 |  SELECT label FROM  specialites 
					   WHERE id_spec = 4 
 
 09-May-2014 , 12:18:56 |  SELECT label FROM  specialites 
					   WHERE id_spec = 4 
 
 09-May-2014 , 12:18:56 |  SELECT nom FROM  institution 
					   WHERE id_institut = 5 
 
 09-May-2014 , 12:18:56 |  SELECT label FROM  gouvernorat 
					   WHERE id_gouv = 2 
 
 09-May-2014 , 12:18:56 |  SELECT label FROM  specialites 
					   WHERE id_spec = 4 
 
 09-May-2014 , 12:19:04 |  SELECT label FROM  specialites 
					   WHERE id_spec = 4 
 
 09-May-2014 , 12:19:04 |  SELECT nom FROM  institution 
					   WHERE id_institut = 5 
 
 09-May-2014 , 12:19:04 |  SELECT label FROM  gouvernorat 
					   WHERE id_gouv = 2 
 
 09-May-2014 , 12:19:04 |  SELECT label FROM  specialites 
					   WHERE id_spec = 4 
 
 09-May-2014 , 12:20:49 |  SELECT label FROM  specialites 
					   WHERE id_spec = 4 
 
 09-May-2014 , 12:20:49 |  SELECT nom FROM  institution 
					   WHERE id_institut = 5 
 
 09-May-2014 , 12:20:49 |  SELECT label FROM  gouvernorat 
					   WHERE id_gouv = 2 
 
 09-May-2014 , 12:20:49 |  SELECT label FROM  specialites 
					   WHERE id_spec = 4 
 
 09-May-2014 , 12:35:30 |  SELECT label FROM  specialites 
					   WHERE id_spec = 4 
 
 09-May-2014 , 12:35:30 |  SELECT nom FROM  institution 
					   WHERE id_institut = 5 
 
 09-May-2014 , 12:35:30 |  SELECT label FROM  gouvernorat 
					   WHERE id_gouv = 2 
 
 09-May-2014 , 12:35:30 |  SELECT label FROM  specialites 
					   WHERE id_spec = 4 
 
 09-May-2014 , 12:36:21 |  SELECT label FROM  specialites 
					   WHERE id_spec = 4 
 
 09-May-2014 , 12:36:21 |  SELECT nom FROM  institution 
					   WHERE id_institut = 5 
 
 09-May-2014 , 12:36:21 |  SELECT label FROM  gouvernorat 
					   WHERE id_gouv = 2 
 
 09-May-2014 , 12:36:21 |  SELECT label FROM  specialites 
					   WHERE id_spec = 4 
 
 09-May-2014 , 14:22:43 |  SELECT label FROM  specialites 
					   WHERE id_spec = 4 
 
 09-May-2014 , 14:22:43 |  SELECT nom FROM  institution 
					   WHERE id_institut = 5 
 
 09-May-2014 , 14:22:43 |  SELECT label FROM  gouvernorat 
					   WHERE id_gouv = 2 
 
 09-May-2014 , 14:22:43 |  SELECT label FROM  specialites 
					   WHERE id_spec = 4 
 
 09-May-2014 , 14:26:07 |  SELECT label FROM  specialites 
					   WHERE id_spec = 4 
 
 09-May-2014 , 14:26:07 |  SELECT nom FROM  institution 
					   WHERE id_institut = 5 
 
 09-May-2014 , 14:26:07 |  SELECT label FROM  gouvernorat 
					   WHERE id_gouv = 2 
 
 09-May-2014 , 14:26:07 |  SELECT label FROM  specialites 
					   WHERE id_spec = 4 
 
 09-May-2014 , 14:26:11 |  SELECT label FROM  specialites 
					   WHERE id_spec = 4 
 
 09-May-2014 , 14:26:11 |  SELECT nom FROM  institution 
					   WHERE id_institut = 5 
 
 09-May-2014 , 14:26:11 |  SELECT label FROM  gouvernorat 
					   WHERE id_gouv = 2 
 
 09-May-2014 , 14:26:11 |  SELECT label FROM  specialites 
					   WHERE id_spec = 4 
 
 09-May-2014 , 14:26:13 |  SELECT label FROM  specialites 
					   WHERE id_spec = 4 
 
 09-May-2014 , 14:26:13 |  SELECT nom FROM  institution 
					   WHERE id_institut = 5 
 
 09-May-2014 , 14:26:13 |  SELECT label FROM  gouvernorat 
					   WHERE id_gouv = 2 
 
 09-May-2014 , 14:26:13 |  SELECT label FROM  specialites 
					   WHERE id_spec = 4 
 
 09-May-2014 , 14:46:10 |  SELECT label FROM  specialites 
					   WHERE id_spec = 4 
 
 09-May-2014 , 14:46:10 |  SELECT nom FROM  institution 
					   WHERE id_institut = 5 
 
 09-May-2014 , 14:46:10 |  SELECT label FROM  gouvernorat 
					   WHERE id_gouv = 2 
 
 09-May-2014 , 14:46:10 |  SELECT label FROM  specialites 
					   WHERE id_spec = 4 
 
 09-May-2014 , 14:46:38 |  SELECT label FROM  specialites 
					   WHERE id_spec = 4 
 
 09-May-2014 , 14:46:38 |  SELECT nom FROM  institution 
					   WHERE id_institut = 5 
 
 09-May-2014 , 14:46:38 |  SELECT label FROM  gouvernorat 
					   WHERE id_gouv = 2 
 
 09-May-2014 , 14:46:38 |  SELECT label FROM  specialites 
					   WHERE id_spec = 4 
 
 09-May-2014 , 14:47:43 |  SELECT label FROM  specialites 
					   WHERE id_spec = 4 
 
 09-May-2014 , 14:47:43 |  SELECT nom FROM  institution 
					   WHERE id_institut = 5 
 
 09-May-2014 , 14:47:43 |  SELECT label FROM  gouvernorat 
					   WHERE id_gouv = 2 
 
 09-May-2014 , 14:47:43 |  SELECT label FROM  specialites 
					   WHERE id_spec = 4 
 
 09-May-2014 , 14:48:57 |  SELECT label FROM  specialites 
					   WHERE id_spec = 4 
 
 09-May-2014 , 14:48:57 |  SELECT nom FROM  institution 
					   WHERE id_institut = 5 
 
 09-May-2014 , 14:48:57 |  SELECT label FROM  gouvernorat 
					   WHERE id_gouv = 2 
 
 09-May-2014 , 14:48:57 |  SELECT label FROM  specialites 
					   WHERE id_spec = 4 
 
 09-May-2014 , 14:49:57 |  SELECT label FROM  specialites 
					   WHERE id_spec = 4 
 
 09-May-2014 , 14:49:57 |  SELECT nom FROM  institution 
					   WHERE id_institut = 5 
 
 09-May-2014 , 14:49:57 |  SELECT label FROM  gouvernorat 
					   WHERE id_gouv = 2 
 
 09-May-2014 , 14:49:57 |  SELECT label FROM  specialites 
					   WHERE id_spec = 4 
 
 09-May-2014 , 14:50:59 |  SELECT label FROM  specialites 
					   WHERE id_spec = 4 
 
 09-May-2014 , 14:50:59 |  SELECT nom FROM  institution 
					   WHERE id_institut = 5 
 
 09-May-2014 , 14:50:59 |  SELECT label FROM  gouvernorat 
					   WHERE id_gouv = 2 
 
 09-May-2014 , 14:50:59 |  SELECT label FROM  specialites 
					   WHERE id_spec = 4 
 
 09-May-2014 , 15:42:02 |  SELECT label FROM  specialites 
					   WHERE id_spec = 4 
 
 09-May-2014 , 15:42:02 |  SELECT nom FROM  institution 
					   WHERE id_institut = 5 
 
 09-May-2014 , 15:42:02 |  SELECT label FROM  gouvernorat 
					   WHERE id_gouv = 2 
 
 09-May-2014 , 15:42:02 |  SELECT label FROM  specialites 
					   WHERE id_spec = 4 
 
 09-May-2014 , 15:42:58 |  SELECT label FROM  specialites 
					   WHERE id_spec = 4 
 
 09-May-2014 , 15:42:58 |  SELECT nom FROM  institution 
					   WHERE id_institut = 5 
 
 09-May-2014 , 15:42:58 |  SELECT label FROM  gouvernorat 
					   WHERE id_gouv = 2 
 
 09-May-2014 , 15:42:58 |  SELECT label FROM  specialites 
					   WHERE id_spec = 4 
 
 09-May-2014 , 15:43:25 |  SELECT label FROM  specialites 
					   WHERE id_spec = 4 
 
 09-May-2014 , 15:43:25 |  SELECT nom FROM  institution 
					   WHERE id_institut = 5 
 
 09-May-2014 , 15:43:25 |  SELECT label FROM  gouvernorat 
					   WHERE id_gouv = 2 
 
 09-May-2014 , 15:43:25 |  SELECT label FROM  specialites 
					   WHERE id_spec = 4 
 
 09-May-2014 , 15:49:01 |  SELECT label FROM  specialites 
					   WHERE id_spec = 4 
 
 09-May-2014 , 15:49:01 |  SELECT nom FROM  institution 
					   WHERE id_institut = 5 
 
 09-May-2014 , 15:49:01 |  SELECT label FROM  gouvernorat 
					   WHERE id_gouv = 2 
 
 09-May-2014 , 15:49:01 |  SELECT label FROM  specialites 
					   WHERE id_spec = 4 
 
 09-May-2014 , 15:49:05 |  SELECT label FROM  specialites 
					   WHERE id_spec = 4 
 
 09-May-2014 , 15:49:05 |  SELECT nom FROM  institution 
					   WHERE id_institut = 5 
 
 09-May-2014 , 15:49:05 |  SELECT label FROM  gouvernorat 
					   WHERE id_gouv = 2 
 
 09-May-2014 , 15:49:05 |  SELECT label FROM  specialites 
					   WHERE id_spec = 4 
 
 09-May-2014 , 15:49:50 |  SELECT label FROM  specialites 
					   WHERE id_spec = 4 
 
 09-May-2014 , 15:49:50 |  SELECT nom FROM  institution 
					   WHERE id_institut = 5 
 
 09-May-2014 , 15:49:50 |  SELECT label FROM  gouvernorat 
					   WHERE id_gouv = 2 
 
 09-May-2014 , 15:49:50 |  SELECT label FROM  specialites 
					   WHERE id_spec = 4 
 
 09-May-2014 , 15:49:53 |  SELECT label FROM  specialites 
					   WHERE id_spec = 4 
 
 09-May-2014 , 15:49:53 |  SELECT nom FROM  institution 
					   WHERE id_institut = 5 
 
 09-May-2014 , 15:49:53 |  SELECT label FROM  gouvernorat 
					   WHERE id_gouv = 2 
 
 09-May-2014 , 15:49:53 |  SELECT label FROM  specialites 
					   WHERE id_spec = 4 
 
 09-May-2014 , 15:51:14 |  SELECT label FROM  specialites 
					   WHERE id_spec = 4 
 
 09-May-2014 , 15:51:14 |  SELECT nom FROM  institution 
					   WHERE id_institut = 5 
 
 09-May-2014 , 15:51:14 |  SELECT label FROM  gouvernorat 
					   WHERE id_gouv = 2 
 
 09-May-2014 , 15:51:14 |  SELECT label FROM  specialites 
					   WHERE id_spec = 4 
 
 09-May-2014 , 15:52:15 |  SELECT label FROM  specialites 
					   WHERE id_spec = 4 
 
 09-May-2014 , 15:52:15 |  SELECT nom FROM  institution 
					   WHERE id_institut = 5 
 
 09-May-2014 , 15:52:15 |  SELECT label FROM  gouvernorat 
					   WHERE id_gouv = 2 
 
 09-May-2014 , 15:52:15 |  SELECT label FROM  specialites 
					   WHERE id_spec = 4 
 
 09-May-2014 , 16:30:04 |  SELECT label FROM  specialites 
					   WHERE id_spec = 4 
 
 09-May-2014 , 16:30:04 |  SELECT nom FROM  institution 
					   WHERE id_institut = 5 
 
 09-May-2014 , 16:30:04 |  SELECT label FROM  gouvernorat 
					   WHERE id_gouv = 2 
 
 09-May-2014 , 16:30:04 |  SELECT label FROM  specialites 
					   WHERE id_spec = 4 
 
 09-May-2014 , 16:30:09 |  SELECT label FROM  specialites 
					   WHERE id_spec = 4 
 
 09-May-2014 , 16:30:09 |  SELECT nom FROM  institution 
					   WHERE id_institut = 5 
 
 09-May-2014 , 16:30:09 |  SELECT label FROM  gouvernorat 
					   WHERE id_gouv = 2 
 
 09-May-2014 , 16:30:09 |  SELECT label FROM  specialites 
					   WHERE id_spec = 4 
 
 09-May-2014 , 16:32:40 |  SELECT label FROM  specialites 
					   WHERE id_spec = 4 
 
 09-May-2014 , 16:32:40 |  SELECT nom FROM  institution 
					   WHERE id_institut = 5 
 
 09-May-2014 , 16:32:40 |  SELECT label FROM  gouvernorat 
					   WHERE id_gouv = 2 
 
 09-May-2014 , 16:32:40 |  SELECT label FROM  specialites 
					   WHERE id_spec = 4 
 
 09-May-2014 , 16:39:32 |  SELECT label FROM  specialites 
					   WHERE id_spec = 4 
 
 09-May-2014 , 16:39:32 |  SELECT nom FROM  institution 
					   WHERE id_institut = 5 
 
 09-May-2014 , 16:39:32 |  SELECT label FROM  gouvernorat 
					   WHERE id_gouv = 2 
 
 09-May-2014 , 16:39:32 |  SELECT label FROM  specialites 
					   WHERE id_spec = 4 
 
 09-May-2014 , 16:52:08 |  SELECT label FROM  specialites 
					   WHERE id_spec = 4 
 
 09-May-2014 , 16:52:08 |  SELECT nom FROM  institution 
					   WHERE id_institut = 5 
 
 09-May-2014 , 16:52:08 |  SELECT label FROM  gouvernorat 
					   WHERE id_gouv = 2 
 
 09-May-2014 , 16:52:08 |  SELECT label FROM  specialites 
					   WHERE id_spec = 4 
 
 09-May-2014 , 16:52:17 |  SELECT label FROM  specialites 
					   WHERE id_spec = 4 
 
 09-May-2014 , 16:52:17 |  SELECT nom FROM  institution 
					   WHERE id_institut = 5 
 
 09-May-2014 , 16:52:17 |  SELECT label FROM  gouvernorat 
					   WHERE id_gouv = 2 
 
 09-May-2014 , 16:52:17 |  SELECT label FROM  specialites 
					   WHERE id_spec = 4 
 
 09-May-2014 , 17:22:11 |  SELECT label FROM  specialites 
					   WHERE id_spec = 4 
 
 09-May-2014 , 17:22:11 |  SELECT nom FROM  institution 
					   WHERE id_institut = 5 
 
 09-May-2014 , 17:22:11 |  SELECT label FROM  gouvernorat 
					   WHERE id_gouv = 2 
 
 09-May-2014 , 17:22:11 |  SELECT label FROM  specialites 
					   WHERE id_spec = 4 
 
 09-May-2014 , 17:22:28 |  SELECT label FROM  specialites 
					   WHERE id_spec = 4 
 
 09-May-2014 , 17:22:28 |  SELECT nom FROM  institution 
					   WHERE id_institut = 5 
 
 09-May-2014 , 17:22:28 |  SELECT label FROM  gouvernorat 
					   WHERE id_gouv = 2 
 
 09-May-2014 , 17:22:28 |  SELECT label FROM  specialites 
					   WHERE id_spec = 4 
 
 09-May-2014 , 17:37:47 |  SELECT label FROM  specialites 
					   WHERE id_spec = 4 
 
 09-May-2014 , 17:37:47 |  SELECT nom FROM  institution 
					   WHERE id_institut = 5 
 
 09-May-2014 , 17:37:47 |  SELECT label FROM  gouvernorat 
					   WHERE id_gouv = 2 
 
 09-May-2014 , 17:37:47 |  SELECT label FROM  specialites 
					   WHERE id_spec = 4 
 
 09-May-2014 , 17:38:49 |  SELECT label FROM  specialites 
					   WHERE id_spec = 4 
 
 09-May-2014 , 17:38:49 |  SELECT nom FROM  institution 
					   WHERE id_institut = 5 
 
 09-May-2014 , 17:38:49 |  SELECT label FROM  gouvernorat 
					   WHERE id_gouv = 2 
 
 09-May-2014 , 17:38:49 |  SELECT label FROM  specialites 
					   WHERE id_spec = 4 
 
 09-May-2014 , 17:41:10 |  SELECT label FROM  specialites 
					   WHERE id_spec = 4 
 
 09-May-2014 , 17:41:10 |  SELECT nom FROM  institution 
					   WHERE id_institut = 5 
 
 09-May-2014 , 17:41:10 |  SELECT label FROM  gouvernorat 
					   WHERE id_gouv = 2 
 
 09-May-2014 , 17:41:10 |  SELECT label FROM  specialites 
					   WHERE id_spec = 4 
 
 09-May-2014 , 17:41:23 |  SELECT label FROM  specialites 
					   WHERE id_spec = 4 
 
 09-May-2014 , 17:41:23 |  SELECT nom FROM  institution 
					   WHERE id_institut = 5 
 
 09-May-2014 , 17:41:23 |  SELECT label FROM  gouvernorat 
					   WHERE id_gouv = 2 
 
 09-May-2014 , 17:41:23 |  SELECT label FROM  specialites 
					   WHERE id_spec = 4 
 
 09-May-2014 , 17:43:24 |  SELECT label FROM  specialites 
					   WHERE id_spec = 4 
 
 09-May-2014 , 17:43:24 |  SELECT nom FROM  institution 
					   WHERE id_institut = 5 
 
 09-May-2014 , 17:43:24 |  SELECT label FROM  gouvernorat 
					   WHERE id_gouv = 2 
 
 09-May-2014 , 17:43:24 |  SELECT label FROM  specialites 
					   WHERE id_spec = 4 
 
 09-May-2014 , 17:43:26 |  SELECT label FROM  specialites 
					   WHERE id_spec = 4 
 
 09-May-2014 , 17:43:26 |  SELECT nom FROM  institution 
					   WHERE id_institut = 5 
 
 09-May-2014 , 17:43:26 |  SELECT label FROM  gouvernorat 
					   WHERE id_gouv = 2 
 
 09-May-2014 , 17:43:26 |  SELECT label FROM  specialites 
					   WHERE id_spec = 4 
 
 12-May-2014 , 12:21:50 |  SELECT label FROM  specialites 
					   WHERE id_spec = 4 
 
 12-May-2014 , 12:21:50 |  SELECT nom FROM  institution 
					   WHERE id_institut = 5 
 
 12-May-2014 , 12:21:50 |  SELECT label FROM  gouvernorat 
					   WHERE id_gouv = 2 
 
 12-May-2014 , 12:21:50 |  SELECT label FROM  specialites 
					   WHERE id_spec = 4 
 
 12-May-2014 , 12:22:22 |  SELECT label FROM  specialites 
					   WHERE id_spec = 4 
 
 12-May-2014 , 12:22:22 |  SELECT nom FROM  institution 
					   WHERE id_institut = 5 
 
 12-May-2014 , 12:22:22 |  SELECT label FROM  gouvernorat 
					   WHERE id_gouv = 2 
 
 12-May-2014 , 12:22:22 |  SELECT label FROM  specialites 
					   WHERE id_spec = 4 
 
 12-May-2014 , 12:25:27 |  SELECT label FROM  specialites 
					   WHERE id_spec = 4 
 
 12-May-2014 , 12:25:27 |  SELECT nom FROM  institution 
					   WHERE id_institut = 5 
 
 12-May-2014 , 12:25:27 |  SELECT label FROM  gouvernorat 
					   WHERE id_gouv = 2 
 
 12-May-2014 , 12:25:27 |  SELECT label FROM  specialites 
					   WHERE id_spec = 4 
 
 12-May-2014 , 12:26:14 |  SELECT label FROM  specialites 
					   WHERE id_spec = 4 
 
 12-May-2014 , 12:26:14 |  SELECT nom FROM  institution 
					   WHERE id_institut = 5 
 
 12-May-2014 , 12:26:14 |  SELECT label FROM  gouvernorat 
					   WHERE id_gouv = 2 
 
 12-May-2014 , 12:26:14 |  SELECT label FROM  specialites 
					   WHERE id_spec = 4 
 
 12-May-2014 , 12:26:51 |  SELECT label FROM  specialites 
					   WHERE id_spec = 4 
 
 12-May-2014 , 12:26:51 |  SELECT nom FROM  institution 
					   WHERE id_institut = 5 
 
 12-May-2014 , 12:26:51 |  SELECT label FROM  gouvernorat 
					   WHERE id_gouv = 2 
 
 12-May-2014 , 12:26:51 |  SELECT label FROM  specialites 
					   WHERE id_spec = 4 
 
 12-May-2014 , 12:28:53 |  SELECT label FROM  specialites 
					   WHERE id_spec = 4 
 
 12-May-2014 , 12:28:53 |  SELECT nom FROM  institution 
					   WHERE id_institut = 5 
 
 12-May-2014 , 12:28:53 |  SELECT label FROM  gouvernorat 
					   WHERE id_gouv = 2 
 
 12-May-2014 , 12:28:53 |  SELECT label FROM  specialites 
					   WHERE id_spec = 4 
 
 12-May-2014 , 12:29:01 |  SELECT label FROM  specialites 
					   WHERE id_spec = 4 
 
 12-May-2014 , 12:29:01 |  SELECT nom FROM  institution 
					   WHERE id_institut = 5 
 
 12-May-2014 , 12:29:01 |  SELECT label FROM  gouvernorat 
					   WHERE id_gouv = 2 
 
 12-May-2014 , 12:29:01 |  SELECT label FROM  specialites 
					   WHERE id_spec = 4 
 
 12-May-2014 , 12:29:06 |  SELECT label FROM  specialites 
					   WHERE id_spec = 4 
 
 12-May-2014 , 12:29:06 |  SELECT nom FROM  institution 
					   WHERE id_institut = 5 
 
 12-May-2014 , 12:29:06 |  SELECT label FROM  gouvernorat 
					   WHERE id_gouv = 2 
 
 12-May-2014 , 12:29:06 |  SELECT label FROM  specialites 
					   WHERE id_spec = 4 
 
 12-May-2014 , 12:29:09 |  SELECT label FROM  specialites 
					   WHERE id_spec = 4 
 
 12-May-2014 , 12:29:09 |  SELECT nom FROM  institution 
					   WHERE id_institut = 5 
 
 12-May-2014 , 12:29:09 |  SELECT label FROM  gouvernorat 
					   WHERE id_gouv = 2 
 
 12-May-2014 , 12:29:09 |  SELECT label FROM  specialites 
					   WHERE id_spec = 4 
 
 12-May-2014 , 12:29:43 |  SELECT label FROM  specialites 
					   WHERE id_spec = 4 
 
 12-May-2014 , 12:29:43 |  SELECT nom FROM  institution 
					   WHERE id_institut = 5 
 
 12-May-2014 , 12:29:43 |  SELECT label FROM  gouvernorat 
					   WHERE id_gouv = 2 
 
 12-May-2014 , 12:29:43 |  SELECT label FROM  specialites 
					   WHERE id_spec = 4 
 
 12-May-2014 , 12:29:45 |  SELECT label FROM  specialites 
					   WHERE id_spec = 4 
 
 12-May-2014 , 12:29:45 |  SELECT nom FROM  institution 
					   WHERE id_institut = 5 
 
 12-May-2014 , 12:29:45 |  SELECT label FROM  gouvernorat 
					   WHERE id_gouv = 2 
 
 12-May-2014 , 12:29:45 |  SELECT label FROM  specialites 
					   WHERE id_spec = 4 
 
 12-May-2014 , 12:36:58 | INSERT INTO medecin (idMedecin, nom, prenom, genre, fonction, specialite, subSpecialite, adresse, gouvernorat, codePostale, telbureau, telportable, fax, pays_fac, gouv_fac, faculte, anneeDiplome, dateNaiss, email, password)
		 VALUES ('','Mlouki','Najib','Homme',' 2', 11,'ORL sous-speciality','Tunis 345',' 1','2456','','','',' 1',' 1',' 1','2000-05-05','1975-05-13','najib.najib1@yahoo.fr','aladin') 
 
 12-May-2014 , 12:36:58 | Nom: Mlouki		Prenom: Najib     Adresse: Tunis 345     Pays de faculté:  1     Email: najib.najib1@yahoo.fr     Password: aladin 
 
 12-May-2014 , 12:37:06 |  SELECT label FROM  specialites 
					   WHERE id_spec = 11 
 
 12-May-2014 , 12:37:06 |  SELECT nom FROM  institution 
					   WHERE id_institut = 1 
 
 12-May-2014 , 12:37:06 |  SELECT label FROM  gouvernorat 
					   WHERE id_gouv = 1 
 
 12-May-2014 , 12:37:06 |  SELECT label FROM  specialites 
					   WHERE id_spec = 11 
 
 12-May-2014 , 12:42:59 |  SELECT label FROM  specialites 
					   WHERE id_spec = 11 
 
 12-May-2014 , 12:42:59 |  SELECT nom FROM  institution 
					   WHERE id_institut = 1 
 
 12-May-2014 , 12:42:59 |  SELECT label FROM  gouvernorat 
					   WHERE id_gouv = 1 
 
 12-May-2014 , 12:42:59 |  SELECT label FROM  specialites 
					   WHERE id_spec = 11 
 
 12-May-2014 , 12:43:56 |  SELECT label FROM  specialites 
					   WHERE id_spec = 11 
 
 12-May-2014 , 12:43:56 |  SELECT nom FROM  institution 
					   WHERE id_institut = 1 
 
 12-May-2014 , 12:43:56 |  SELECT label FROM  gouvernorat 
					   WHERE id_gouv = 1 
 
 12-May-2014 , 12:43:56 |  SELECT label FROM  specialites 
					   WHERE id_spec = 11 
 
 12-May-2014 , 12:44:48 |  SELECT label FROM  specialites 
					   WHERE id_spec = 11 
 
 12-May-2014 , 12:44:48 |  SELECT nom FROM  institution 
					   WHERE id_institut = 1 
 
 12-May-2014 , 12:44:48 |  SELECT label FROM  gouvernorat 
					   WHERE id_gouv = 1 
 
 12-May-2014 , 12:44:48 |  SELECT label FROM  specialites 
					   WHERE id_spec = 11 
 
 12-May-2014 , 12:50:06 |  SELECT label FROM  specialites 
					   WHERE id_spec = 4 
 
 12-May-2014 , 12:50:06 |  SELECT nom FROM  institution 
					   WHERE id_institut = 5 
 
 12-May-2014 , 12:50:06 |  SELECT label FROM  gouvernorat 
					   WHERE id_gouv = 2 
 
 12-May-2014 , 12:50:06 |  SELECT label FROM  specialites 
					   WHERE id_spec = 4 
 
 12-May-2014 , 12:55:33 |  SELECT label FROM  specialites 
					   WHERE id_spec = 4 
 
 12-May-2014 , 12:55:33 |  SELECT nom FROM  institution 
					   WHERE id_institut = 5 
 
 12-May-2014 , 12:55:33 |  SELECT label FROM  gouvernorat 
					   WHERE id_gouv = 2 
 
 12-May-2014 , 12:55:33 |  SELECT label FROM  specialites 
					   WHERE id_spec = 4 
 
 12-May-2014 , 12:58:34 |  SELECT label FROM  specialites 
					   WHERE id_spec = 4 
 
 12-May-2014 , 12:58:34 |  SELECT nom FROM  institution 
					   WHERE id_institut = 5 
 
 12-May-2014 , 12:58:34 |  SELECT label FROM  gouvernorat 
					   WHERE id_gouv = 2 
 
 12-May-2014 , 12:58:34 |  SELECT label FROM  specialites 
					   WHERE id_spec = 4 
 
 12-May-2014 , 12:59:07 |  SELECT label FROM  specialites 
					   WHERE id_spec = 4 
 
 12-May-2014 , 12:59:07 |  SELECT nom FROM  institution 
					   WHERE id_institut = 5 
 
 12-May-2014 , 12:59:07 |  SELECT label FROM  gouvernorat 
					   WHERE id_gouv = 2 
 
 12-May-2014 , 12:59:07 |  SELECT label FROM  specialites 
					   WHERE id_spec = 4 
 
 12-May-2014 , 12:59:08 |  SELECT label FROM  specialites 
					   WHERE id_spec = 4 
 
 12-May-2014 , 12:59:08 |  SELECT nom FROM  institution 
					   WHERE id_institut = 5 
 
 12-May-2014 , 12:59:08 |  SELECT label FROM  gouvernorat 
					   WHERE id_gouv = 2 
 
 12-May-2014 , 13:01:02 |  SELECT label FROM  specialites 
					   WHERE id_spec = 4 
 
 12-May-2014 , 13:01:02 |  SELECT nom FROM  institution 
					   WHERE id_institut = 5 
 
 12-May-2014 , 13:01:02 |  SELECT label FROM  gouvernorat 
					   WHERE id_gouv = 2 
 
 12-May-2014 , 13:03:10 |  SELECT label FROM  specialites 
					   WHERE id_spec = 4 
 
 12-May-2014 , 13:03:10 |  SELECT nom FROM  institution 
					   WHERE id_institut = 5 
 
 12-May-2014 , 13:03:10 |  SELECT label FROM  gouvernorat 
					   WHERE id_gouv = 2 
 
 12-May-2014 , 13:24:25 |  SELECT label FROM  specialites 
					   WHERE id_spec = 4 
 
 12-May-2014 , 13:24:25 |  SELECT nom FROM  institution 
					   WHERE id_institut = 5 
 
 12-May-2014 , 13:24:25 |  SELECT label FROM  gouvernorat 
					   WHERE id_gouv = 2 
 
 12-May-2014 , 13:24:25 |  SELECT label FROM  specialites 
					   WHERE id_spec = 4 
 
 12-May-2014 , 13:24:34 |  SELECT label FROM  specialites 
					   WHERE id_spec = 4 
 
 12-May-2014 , 13:24:34 |  SELECT nom FROM  institution 
					   WHERE id_institut = 5 
 
 12-May-2014 , 13:24:34 |  SELECT label FROM  gouvernorat 
					   WHERE id_gouv = 2 
 
 12-May-2014 , 13:24:34 |  SELECT label FROM  specialites 
					   WHERE id_spec = 4 
 
 12-May-2014 , 13:25:12 |  SELECT label FROM  specialites 
					   WHERE id_spec = 4 
 
 12-May-2014 , 13:25:12 |  SELECT nom FROM  institution 
					   WHERE id_institut = 5 
 
 12-May-2014 , 13:25:12 |  SELECT label FROM  gouvernorat 
					   WHERE id_gouv = 2 
 
 12-May-2014 , 13:25:12 |  SELECT label FROM  specialites 
					   WHERE id_spec = 4 
 
 12-May-2014 , 13:26:53 |  SELECT label FROM  specialites 
					   WHERE id_spec = 4 
 
 12-May-2014 , 13:26:53 |  SELECT nom FROM  institution 
					   WHERE id_institut = 5 
 
 12-May-2014 , 13:26:53 |  SELECT label FROM  gouvernorat 
					   WHERE id_gouv = 2 
 
 12-May-2014 , 13:26:53 |  SELECT label FROM  specialites 
					   WHERE id_spec = 4 
 
 12-May-2014 , 13:28:53 |  SELECT label FROM  specialites 
					   WHERE id_spec = 4 
 
 12-May-2014 , 13:28:53 |  SELECT nom FROM  institution 
					   WHERE id_institut = 5 
 
 12-May-2014 , 13:28:53 |  SELECT label FROM  gouvernorat 
					   WHERE id_gouv = 2 
 
 12-May-2014 , 13:28:53 |  SELECT label FROM  specialites 
					   WHERE id_spec = 4 
 
 12-May-2014 , 13:29:33 |  SELECT label FROM  specialites 
					   WHERE id_spec = 4 
 
 12-May-2014 , 13:29:33 |  SELECT nom FROM  institution 
					   WHERE id_institut = 5 
 
 12-May-2014 , 13:29:33 |  SELECT label FROM  gouvernorat 
					   WHERE id_gouv = 2 
 
 12-May-2014 , 13:29:33 |  SELECT label FROM  specialites 
					   WHERE id_spec = 4 
 
 12-May-2014 , 13:32:20 |  SELECT label FROM  specialites 
					   WHERE id_spec = 4 
 
 12-May-2014 , 13:32:20 |  SELECT nom FROM  institution 
					   WHERE id_institut = 5 
 
 12-May-2014 , 13:32:20 |  SELECT label FROM  gouvernorat 
					   WHERE id_gouv = 2 
 
 12-May-2014 , 13:32:20 |  SELECT label FROM  specialites 
					   WHERE id_spec = 4 
 
 12-May-2014 , 13:33:06 |  SELECT label FROM  specialites 
					   WHERE id_spec = 4 
 
 12-May-2014 , 13:33:06 |  SELECT nom FROM  institution 
					   WHERE id_institut = 5 
 
 12-May-2014 , 13:33:06 |  SELECT label FROM  gouvernorat 
					   WHERE id_gouv = 2 
 
 12-May-2014 , 13:33:06 |  SELECT label FROM  specialites 
					   WHERE id_spec = 4 
 
 12-May-2014 , 13:33:16 |  SELECT label FROM  specialites 
					   WHERE id_spec = 4 
 
 12-May-2014 , 13:33:16 |  SELECT nom FROM  institution 
					   WHERE id_institut = 5 
 
 12-May-2014 , 13:33:16 |  SELECT label FROM  gouvernorat 
					   WHERE id_gouv = 2 
 
 12-May-2014 , 13:33:16 |  SELECT label FROM  specialites 
					   WHERE id_spec = 4 
 
 12-May-2014 , 13:37:01 |  SELECT label FROM  specialites 
					   WHERE id_spec = 4 
 
 12-May-2014 , 13:37:01 |  SELECT nom FROM  institution 
					   WHERE id_institut = 5 
 
 12-May-2014 , 13:37:01 |  SELECT label FROM  gouvernorat 
					   WHERE id_gouv = 2 
 
 12-May-2014 , 13:37:01 |  SELECT label FROM  specialites 
					   WHERE id_spec = 4 
 
 12-May-2014 , 13:38:45 |  SELECT label FROM  specialites 
					   WHERE id_spec = 4 
 
 12-May-2014 , 13:38:45 |  SELECT nom FROM  institution 
					   WHERE id_institut = 5 
 
 12-May-2014 , 13:38:45 |  SELECT label FROM  gouvernorat 
					   WHERE id_gouv = 2 
 
 12-May-2014 , 13:38:45 |  SELECT label FROM  specialites 
					   WHERE id_spec = 4 
 
 12-May-2014 , 13:41:20 |  SELECT label FROM  specialites 
					   WHERE id_spec = 4 
 
 12-May-2014 , 13:41:20 |  SELECT nom FROM  institution 
					   WHERE id_institut = 5 
 
 12-May-2014 , 13:41:20 |  SELECT label FROM  gouvernorat 
					   WHERE id_gouv = 2 
 
 12-May-2014 , 13:41:20 |  SELECT label FROM  specialites 
					   WHERE id_spec = 4 
 
 12-May-2014 , 13:42:27 |  SELECT label FROM  specialites 
					   WHERE id_spec = 4 
 
 12-May-2014 , 13:42:27 |  SELECT nom FROM  institution 
					   WHERE id_institut = 5 
 
 12-May-2014 , 13:42:27 |  SELECT label FROM  gouvernorat 
					   WHERE id_gouv = 2 
 
 12-May-2014 , 13:42:38 |  SELECT label FROM  specialites 
					   WHERE id_spec = 4 
 
 12-May-2014 , 13:42:38 |  SELECT nom FROM  institution 
					   WHERE id_institut = 5 
 
 12-May-2014 , 13:42:38 |  SELECT label FROM  gouvernorat 
					   WHERE id_gouv = 2 
 
 12-May-2014 , 13:44:29 |  SELECT label FROM  specialites 
					   WHERE id_spec = 4 
 
 12-May-2014 , 13:44:29 |  SELECT nom FROM  institution 
					   WHERE id_institut = 5 
 
 12-May-2014 , 13:44:29 |  SELECT label FROM  gouvernorat 
					   WHERE id_gouv = 2 
 
 12-May-2014 , 13:44:41 |  SELECT label FROM  specialites 
					   WHERE id_spec = 4 
 
 12-May-2014 , 13:44:41 |  SELECT nom FROM  institution 
					   WHERE id_institut = 5 
 
 12-May-2014 , 13:44:41 |  SELECT label FROM  gouvernorat 
					   WHERE id_gouv = 2 
 
 12-May-2014 , 13:44:41 |  SELECT label FROM  specialites 
					   WHERE id_spec = 4 
 
 12-May-2014 , 13:44:45 |  SELECT label FROM  specialites 
					   WHERE id_spec = 4 
 
 12-May-2014 , 13:44:45 |  SELECT nom FROM  institution 
					   WHERE id_institut = 5 
 
 12-May-2014 , 13:44:45 |  SELECT label FROM  gouvernorat 
					   WHERE id_gouv = 2 
 
 12-May-2014 , 13:52:17 |  SELECT label FROM  specialites 
					   WHERE id_spec = 4 
 
 12-May-2014 , 13:52:17 |  SELECT nom FROM  institution 
					   WHERE id_institut = 5 
 
 12-May-2014 , 13:52:17 |  SELECT label FROM  gouvernorat 
					   WHERE id_gouv = 2 
 
 12-May-2014 , 13:52:22 |  SELECT label FROM  specialites 
					   WHERE id_spec = 4 
 
 12-May-2014 , 13:52:22 |  SELECT nom FROM  institution 
					   WHERE id_institut = 5 
 
 12-May-2014 , 13:52:22 |  SELECT label FROM  gouvernorat 
					   WHERE id_gouv = 2 
 
 12-May-2014 , 13:53:32 |  SELECT label FROM  specialites 
					   WHERE id_spec = 4 
 
 12-May-2014 , 13:53:32 |  SELECT nom FROM  institution 
					   WHERE id_institut = 5 
 
 12-May-2014 , 13:53:32 |  SELECT label FROM  gouvernorat 
					   WHERE id_gouv = 2 
 
 12-May-2014 , 13:54:51 |  
               INSERT INTO doctunisie.calendarevents
               (IdEvents,calendarEventId, dayWeek, dayName, idMedecin,
               startTime, endTime, startTimeMillis, endTimeMillis, title, body, type)
               VALUES ('',29,5,'Vendredi',52,
               '2014-4-16 13:30:0','2014-4-16 17:45:0',1400243400000,1400258700000,
               'Test ','Blabla bla wael',0)
               
 
 12-May-2014 , 13:59:24 |  SELECT label FROM  specialites 
					   WHERE id_spec = 4 
 
 12-May-2014 , 13:59:24 |  SELECT nom FROM  institution 
					   WHERE id_institut = 5 
 
 12-May-2014 , 13:59:24 |  SELECT label FROM  gouvernorat 
					   WHERE id_gouv = 2 
 
 12-May-2014 , 13:59:51 |  
               INSERT INTO  calendarevents
               (IdEvents,calendarEventId, dayWeek, dayName, idMedecin,
               startTime, endTime, startTimeMillis, endTimeMillis, title, body, type)
               VALUES ('',29,5,'Vendredi',52,
               '2014-4-16 13:30:0','2014-4-16 16:30:0',1400243400000,1400254200000,
               'wael wael','test wael',4)
               
 
 12-May-2014 , 14:00:58 |  SELECT label FROM  specialites 
					   WHERE id_spec = 4 
 
 12-May-2014 , 14:00:58 |  SELECT nom FROM  institution 
					   WHERE id_institut = 5 
 
 12-May-2014 , 14:00:58 |  SELECT label FROM  gouvernorat 
					   WHERE id_gouv = 2 
 
 12-May-2014 , 14:01:13 |    File: modifyCalendar.php,
    calEventId  29 
    calEventDay 5 
    calEventDateName Vendredi 
    calEventTitle wael wael 
    calEventBody test wael 
    calEventStartTime  1400243400000 
    calEventEndTime  1400254200000 
    calEventStart  2014-4-16 13:30:0 
    calEventEnd 2014-4-16 16:30:0 
    calEventType 3
 
 
 12-May-2014 , 14:01:30 |    File: modifyCalendar.php,
    calEventId  29 
    calEventDay 0 
    calEventDateName Dimanche 
    calEventTitle wael wael 
    calEventBody test wael 
    calEventStartTime  1400410800000 
    calEventEndTime  1400428800000 
    calEventStart  2014-4-18 12:0:0 
    calEventEnd 2014-4-18 17:0:0 
    calEventType 3
 
 
 12-May-2014 , 14:01:33 |  SELECT label FROM  specialites 
					   WHERE id_spec = 4 
 
 12-May-2014 , 14:01:33 |  SELECT nom FROM  institution 
					   WHERE id_institut = 5 
 
 12-May-2014 , 14:01:33 |  SELECT label FROM  gouvernorat 
					   WHERE id_gouv = 2 
 
 12-May-2014 , 14:03:52 |  File: Test.php,
    calEventId  30 
    calEventDay 5 
    calEventDateName Vendredi 
    calEventTitle  
    calEventBody  
    calEventStartTime  1400239800000 
    calEventEndTime  1400240700000 
    calEventStart  2014-4-16 12:30:0 
    calEventEnd 2014-4-16 12:45:0
    calEventType 0 
 
 
 12-May-2014 , 14:03:52 |  
               INSERT INTO  calendarevents
               (IdEvents,calendarEventId, dayWeek, dayName, idMedecin,
               startTime, endTime, startTimeMillis, endTimeMillis, title, body, type)
               VALUES ('',30,5,'Vendredi',52,
               '2014-4-16 12:30:0','2014-4-16 12:45:0',1400239800000,1400240700000,
               '','',0)
               
 
 12-May-2014 , 14:04:06 |  SELECT label FROM  specialites 
					   WHERE id_spec = 4 
 
 12-May-2014 , 14:04:06 |  SELECT nom FROM  institution 
					   WHERE id_institut = 5 
 
 12-May-2014 , 14:04:06 |  SELECT label FROM  gouvernorat 
					   WHERE id_gouv = 2 
 
 12-May-2014 , 14:04:18 |    File: deleteCalendarEvent.php,
    calEventId  30 
    
 
 
 12-May-2014 , 14:04:27 |  SELECT label FROM  specialites 
					   WHERE id_spec = 4 
 
 12-May-2014 , 14:04:27 |  SELECT nom FROM  institution 
					   WHERE id_institut = 5 
 
 12-May-2014 , 14:04:27 |  SELECT label FROM  gouvernorat 
					   WHERE id_gouv = 2 
 
 12-May-2014 , 14:04:32 |    File: deleteCalendarEvent.php,
    calEventId  29 
    
 
 
 12-May-2014 , 14:04:34 |  SELECT label FROM  specialites 
					   WHERE id_spec = 4 
 
 12-May-2014 , 14:04:34 |  SELECT nom FROM  institution 
					   WHERE id_institut = 5 
 
 12-May-2014 , 14:04:34 |  SELECT label FROM  gouvernorat 
					   WHERE id_gouv = 2 
 
 12-May-2014 , 14:07:55 |  SELECT label FROM  specialites 
					   WHERE id_spec = 4 
 
 12-May-2014 , 14:07:55 |  SELECT nom FROM  institution 
					   WHERE id_institut = 5 
 
 12-May-2014 , 14:07:55 |  SELECT label FROM  gouvernorat 
					   WHERE id_gouv = 2 
 
 12-May-2014 , 14:11:39 |  SELECT label FROM  specialites 
					   WHERE id_spec = 4 
 
 12-May-2014 , 14:11:39 |  SELECT nom FROM  institution 
					   WHERE id_institut = 5 
 
 12-May-2014 , 14:11:39 |  SELECT label FROM  gouvernorat 
					   WHERE id_gouv = 2 
 
 12-May-2014 , 14:18:38 |  SELECT label FROM  specialites 
					   WHERE id_spec = 4 
 
 12-May-2014 , 14:18:38 |  SELECT nom FROM  institution 
					   WHERE id_institut = 5 
 
 12-May-2014 , 14:18:38 |  SELECT label FROM  gouvernorat 
					   WHERE id_gouv = 2 
 
 12-May-2014 , 14:18:38 |  SELECT label FROM  specialites 
					   WHERE id_spec = 4 
 
 12-May-2014 , 14:18:49 |  SELECT label FROM  specialites 
					   WHERE id_spec = 4 
 
 12-May-2014 , 14:18:49 |  SELECT nom FROM  institution 
					   WHERE id_institut = 5 
 
 12-May-2014 , 14:18:49 |  SELECT label FROM  gouvernorat 
					   WHERE id_gouv = 2 
 
 12-May-2014 , 14:18:49 |  SELECT label FROM  specialites 
					   WHERE id_spec = 4 
 
 12-May-2014 , 14:20:39 |  SELECT label FROM  specialites 
					   WHERE id_spec = 4 
 
 12-May-2014 , 14:20:39 |  SELECT nom FROM  institution 
					   WHERE id_institut = 5 
 
 12-May-2014 , 14:20:39 |  SELECT label FROM  gouvernorat 
					   WHERE id_gouv = 2 
 
 12-May-2014 , 14:20:39 |  SELECT label FROM  specialites 
					   WHERE id_spec = 4 
 
 12-May-2014 , 14:20:43 |  SELECT label FROM  specialites 
					   WHERE id_spec = 4 
 
 12-May-2014 , 14:20:43 |  SELECT nom FROM  institution 
					   WHERE id_institut = 5 
 
 12-May-2014 , 14:20:43 |  SELECT label FROM  gouvernorat 
					   WHERE id_gouv = 2 
 
 12-May-2014 , 14:20:43 |  SELECT label FROM  specialites 
					   WHERE id_spec = 4 
 
 12-May-2014 , 16:48:25 |  SELECT label FROM  specialites 
					   WHERE id_spec = 4 
 
 12-May-2014 , 16:48:25 |  SELECT nom FROM  institution 
					   WHERE id_institut = 5 
 
 12-May-2014 , 16:48:25 |  SELECT label FROM  gouvernorat 
					   WHERE id_gouv = 2 
 
 12-May-2014 , 16:48:25 |  SELECT label FROM  specialites 
					   WHERE id_spec = 4 
 
 12-May-2014 , 16:48:32 |  SELECT label FROM  specialites 
					   WHERE id_spec = 4 
 
 12-May-2014 , 16:48:32 |  SELECT nom FROM  institution 
					   WHERE id_institut = 5 
 
 12-May-2014 , 16:48:32 |  SELECT label FROM  gouvernorat 
					   WHERE id_gouv = 2 
 
 14-May-2014 , 12:23:23 |  SELECT label FROM  specialites 
					   WHERE id_spec = 4 
 
 14-May-2014 , 12:23:23 |  SELECT nom FROM  institution 
					   WHERE id_institut = 5 
 
 14-May-2014 , 12:23:23 |  SELECT label FROM  gouvernorat 
					   WHERE id_gouv = 2 
 
 14-May-2014 , 12:23:23 |  SELECT label FROM  specialites 
					   WHERE id_spec = 4 
 
 14-May-2014 , 12:23:31 |  SELECT label FROM  specialites 
					   WHERE id_spec = 4 
 
 14-May-2014 , 12:23:31 |  SELECT nom FROM  institution 
					   WHERE id_institut = 5 
 
 14-May-2014 , 12:23:31 |  SELECT label FROM  gouvernorat 
					   WHERE id_gouv = 2 
 
 14-May-2014 , 12:26:40 |  SELECT label FROM  specialites 
					   WHERE id_spec = 4 
 
 14-May-2014 , 12:26:40 |  SELECT nom FROM  institution 
					   WHERE id_institut = 5 
 
 14-May-2014 , 12:26:40 |  SELECT label FROM  gouvernorat 
					   WHERE id_gouv = 2 
 
 14-May-2014 , 12:27:06 |  SELECT label FROM  specialites 
					   WHERE id_spec = 4 
 
 14-May-2014 , 12:27:06 |  SELECT nom FROM  institution 
					   WHERE id_institut = 5 
 
 14-May-2014 , 12:27:06 |  SELECT label FROM  gouvernorat 
					   WHERE id_gouv = 2 
 
 14-May-2014 , 12:27:48 |  SELECT label FROM  specialites 
					   WHERE id_spec = 4 
 
 14-May-2014 , 12:27:48 |  SELECT nom FROM  institution 
					   WHERE id_institut = 5 
 
 14-May-2014 , 12:27:48 |  SELECT label FROM  gouvernorat 
					   WHERE id_gouv = 2 
 
 14-May-2014 , 12:30:40 |  SELECT label FROM  specialites 
					   WHERE id_spec = 4 
 
 14-May-2014 , 12:30:40 |  SELECT nom FROM  institution 
					   WHERE id_institut = 5 
 
 14-May-2014 , 12:30:40 |  SELECT label FROM  gouvernorat 
					   WHERE id_gouv = 2 
 
 15-May-2014 , 15:12:51 |  SELECT label FROM  specialites 
					   WHERE id_spec = 4 
 
 15-May-2014 , 15:12:51 |  SELECT nom FROM  institution 
					   WHERE id_institut = 5 
 
 15-May-2014 , 15:12:51 |  SELECT label FROM  gouvernorat 
					   WHERE id_gouv = 2 
 
 15-May-2014 , 15:12:51 |  SELECT label FROM  specialites 
					   WHERE id_spec = 4 
 
 15-May-2014 , 15:13:14 |  SELECT label FROM  specialites 
					   WHERE id_spec = 4 
 
 15-May-2014 , 15:13:14 |  SELECT nom FROM  institution 
					   WHERE id_institut = 5 
 
 15-May-2014 , 15:13:14 |  SELECT label FROM  gouvernorat 
					   WHERE id_gouv = 2 
 
 15-May-2014 , 15:13:14 |  SELECT label FROM  specialites 
					   WHERE id_spec = 4 
 
 15-May-2014 , 15:13:51 |  SELECT label FROM  specialites 
					   WHERE id_spec = 4 
 
 15-May-2014 , 15:13:51 |  SELECT nom FROM  institution 
					   WHERE id_institut = 5 
 
 15-May-2014 , 15:13:51 |  SELECT label FROM  gouvernorat 
					   WHERE id_gouv = 2 
 
 15-May-2014 , 15:13:51 |  SELECT label FROM  specialites 
					   WHERE id_spec = 4 
 
 20-May-2014 , 16:25:29 | INSERT INTO medecin (idMedecin, nom, prenom, genre, fonction, specialite, subSpecialite, adresse, gouvernorat, codePostale, telbureau, telportable, fax, pays_fac, gouv_fac, faculte, anneeDiplome, dateNaiss, email, password)
		 VALUES ('','Ben Arbia','Dali','Homme',' 5', 11,'ORL sous-speciality','Tunisia',' 12','12008','','','',' 1',' 1',' 2','2014-05-02','1987-05-02','dalibenarbia@yahoo.fr','aladin') 
 
 20-May-2014 , 16:25:29 | Nom: Ben Arbia		Prenom: Dali     Adresse: Tunisia     Pays de faculté:  1     Email: dalibenarbia@yahoo.fr     Password: aladin 
 
 20-May-2014 , 16:25:36 |  SELECT label FROM  specialites 
					   WHERE id_spec = 11 
 
 20-May-2014 , 16:25:36 |  SELECT nom FROM  institution 
					   WHERE id_institut = 2 
 
 20-May-2014 , 16:25:36 |  SELECT label FROM  gouvernorat 
					   WHERE id_gouv = 12 
 
 20-May-2014 , 16:25:36 |  SELECT label FROM  specialites 
					   WHERE id_spec = 11 
 
 20-May-2014 , 16:26:25 |  SELECT label FROM  specialites 
					   WHERE id_spec = 11 
 
 20-May-2014 , 16:26:25 |  SELECT nom FROM  institution 
					   WHERE id_institut = 2 
 
 20-May-2014 , 16:26:25 |  SELECT label FROM  gouvernorat 
					   WHERE id_gouv = 12 
 
 20-May-2014 , 16:27:00 |  File: Test.php,
    calEventId  29 
    calEventDay 5 
    calEventDateName Vendredi 
    calEventTitle Blech flous 
    calEventBody 3la rahmet elwaldin 
    calEventStartTime  1400848200000 
    calEventEndTime  1400858100000 
    calEventStart  2014-4-23 13:30:0 
    calEventEnd 2014-4-23 16:15:0
    calEventType 0 
 
 
 20-May-2014 , 16:27:00 |  
               INSERT INTO  calendarevents
               (IdEvents,calendarEventId, dayWeek, dayName, idMedecin,
               startTime, endTime, startTimeMillis, endTimeMillis, title, body, type)
               VALUES ('',29,5,'Vendredi',52,
               '2014-4-23 13:30:0','2014-4-23 16:15:0',1400848200000,1400858100000,
               'Blech flous','3la rahmet elwaldin',0)
               
 
 20-May-2014 , 16:27:13 |  SELECT label FROM  specialites 
					   WHERE id_spec = 11 
 
 20-May-2014 , 16:27:13 |  SELECT nom FROM  institution 
					   WHERE id_institut = 2 
 
 20-May-2014 , 16:27:13 |  SELECT label FROM  gouvernorat 
					   WHERE id_gouv = 12 
 
 20-May-2014 , 16:27:16 |  SELECT label FROM  specialites 
					   WHERE id_spec = 11 
 
 20-May-2014 , 16:27:16 |  SELECT nom FROM  institution 
					   WHERE id_institut = 2 
 
 20-May-2014 , 16:27:16 |  SELECT label FROM  gouvernorat 
					   WHERE id_gouv = 12 
 
 20-May-2014 , 16:27:16 |  SELECT label FROM  specialites 
					   WHERE id_spec = 11 
 
 20-May-2014 , 16:27:20 |  SELECT label FROM  specialites 
					   WHERE id_spec = 11 
 
 20-May-2014 , 16:27:20 |  SELECT nom FROM  institution 
					   WHERE id_institut = 2 
 
 20-May-2014 , 16:27:20 |  SELECT label FROM  gouvernorat 
					   WHERE id_gouv = 12 
 
 21-May-2014 , 16:00:06 |  File: addMarker.php,
    address  Type your address here ... 
    lat 36.8160692 
    lng 10.177051000000006 
    type  public  
 
 21-May-2014 , 16:31:56 |  File: addMarker.php,
    address  Type your address here ... 
    lat 36.8160692 
    lng 10.177051000000006 
    type  public  
 
 21-May-2014 , 16:33:06 |  File: addMarker.php,
    address  Type your address here ... 
    lat 36.8160692 
    lng 10.177051000000006 
    type  public  
 
 21-May-2014 , 16:35:12 | hhhhhhhhhhhh 
 
 21-May-2014 , 16:35:12 |  File: addMarker.php,
    address  Type your address here ... 
    lat 36.8160692 
    lng 10.177051000000006 
    type  public  
 
 21-May-2014 , 16:35:13 | INSERT INTO markers  (id, address, lat, lng, type )  VALUES (NULL,  'Type your address here ...', '36.8160692', '10.177051000000006', 'public'); 
 
 21-May-2014 , 16:35:48 | hhhhhhhhhhhh 
 
 21-May-2014 , 16:35:48 |  File: addMarker.php,
    address  Type your address here ... 
    lat 36.83503161152723 
    lng 10.125552586914068 
    type  public  
 
 21-May-2014 , 16:35:48 | INSERT INTO markers  (id, address, lat, lng, type )  VALUES (NULL,  'Type your address here ...', '36.83503161152723', '10.125552586914068', 'public'); 
 
 21-May-2014 , 16:39:11 | hhhhhhhhhhhh 
 
 21-May-2014 , 16:39:11 |  File: addMarker.php,
    address  Type your address here ... 
    lat 36.8160692 
    lng 10.177051000000006 
    type  public  
 
 21-May-2014 , 16:39:11 | INSERT INTO markers  (id, address, lat, lng, type )  VALUES (NULL,  'Type your address here ...', '36.8160692', '10.177051000000006', 'public'); 
 
 21-May-2014 , 17:45:27 | hhhhhhhhhhhh 
 
 21-May-2014 , 17:45:27 |  File: addMarker.php,
    address  Type your address here ... 
    lat 36.81387035554216 
    lng 10.10426657617188 
    type  public  
 
 21-May-2014 , 17:45:27 | INSERT INTO markers  (id,idMedecin, address, lat, lng, type,date_creat, date_modif )  VALUES (NULL,  '36.81387035554216', 'Type your address here ...', '10.10426657617188', 'public'); 
 
 21-May-2014 , 17:48:38 | hhhhhhhhhhhh 
 
 21-May-2014 , 17:48:38 |  File: addMarker.php,
    address  Type your address here ... 
    lat 36.8160895 
    lng 10.177041400000007 
    type  public  
 
 21-May-2014 , 17:48:38 | INSERT INTO markers  (id,idMedecin, address, lat, lng, type,date_creat, date_modif )  VALUES (NULL,  'Type your address here ...', '52', '36.8160895', '10.177041400000007',NOW(),NOW()); 
 
 22-May-2014 , 15:52:26 |  SELECT label FROM  specialites 
					   WHERE id_spec = 4 
 
 22-May-2014 , 15:52:26 |  SELECT nom FROM  institution 
					   WHERE id_institut = 5 
 
 22-May-2014 , 15:52:26 |  SELECT label FROM  gouvernorat 
					   WHERE id_gouv = 2 
 
 22-May-2014 , 15:52:26 |  SELECT label FROM  specialites 
					   WHERE id_spec = 4 
 
 22-May-2014 , 16:30:34 |  key_words :San Francisco 
 
 22-May-2014 , 16:31:57 |  key_words :San Francisco 
 
 22-May-2014 , 16:33:23 |  key_words :San Francisco 
 
 26-May-2014 , 13:09:54 |  Search request:SELECT * FROM  annuaire where all_infos like '%medecine%' 
 
 26-May-2014 , 13:17:07 |  Search request:SELECT * FROM  annuaire where all_infos like '%medecine%' 
 
 