04-Jun-2014 , 16:50:39 |  mapping_1.0.php JS FILE SearchAction:True 
 
 04-Jun-2014 , 16:50:39 |  SearchMap request:select a . * , m.lat, m.lng from  annuaire a, markers m where a.id = m.idmedecin and LOWER(all_infos) like '%%'   
 
 04-Jun-2014 , 16:53:04 |  mapping_1.0.php JS FILE SearchAction:True 
 
 04-Jun-2014 , 16:53:04 |  SearchMap request:select a . * , m.lat, m.lng from  annuaire a, markers m where a.id = m.idmedecin and LOWER(all_infos) like '%%'   
 
 04-Jun-2014 , 16:54:08 |  mapping_1.0.php JS FILE SearchAction:True 
 
 04-Jun-2014 , 16:54:08 |  SearchMap request:select a . * , m.lat, m.lng from  annuaire a, markers m where a.id = m.idmedecin and LOWER(all_infos) like '%%'   
 
 04-Jun-2014 , 16:56:56 |  mapping_1.0.php JS FILE SearchAction:True 
 
 04-Jun-2014 , 16:56:56 |  SearchMap request:select a . * , m.lat, m.lng from  annuaire a, markers m where a.id = m.idmedecin and LOWER(all_infos) like '%%'   
 
 04-Jun-2014 , 16:59:15 |  mapping_1.0.php JS FILE SearchAction:True 
 
 04-Jun-2014 , 16:59:15 |  SearchMap request:select a . * , m.lat, m.lng from  annuaire a, markers m where a.id = m.idmedecin and LOWER(all_infos) like '%%'   
 
 04-Jun-2014 , 17:00:08 |  mapping_1.0.php JS FILE SearchAction:True 
 
 04-Jun-2014 , 17:00:08 |  SearchMap request:select a . * , m.lat, m.lng from  annuaire a, markers m where a.id = m.idmedecin and LOWER(all_infos) like '%%'   
 
 04-Jun-2014 , 17:02:34 |  mapping_1.0.php JS FILE SearchAction:True 
 
 04-Jun-2014 , 17:02:34 |  SearchMap request:select a . * , m.lat, m.lng from  annuaire a, markers m where a.id = m.idmedecin and LOWER(all_infos) like '%%'   
 
 04-Jun-2014 , 17:04:20 |  mapping_1.0.php JS FILE SearchAction:True 
 
 04-Jun-2014 , 17:04:20 |  SearchMap request:select a . * , m.lat, m.lng from  annuaire a, markers m where a.id = m.idmedecin and LOWER(all_infos) like '%%'   
 
 04-Jun-2014 , 17:05:21 |  mapping_1.0.php JS FILE SearchAction:True 
 
 04-Jun-2014 , 17:05:22 |  SearchMap request:select a . * , m.lat, m.lng from  annuaire a, markers m where a.id = m.idmedecin and LOWER(all_infos) like '%%'   
 
 04-Jun-2014 , 17:05:35 |  mapping_1.0.php JS FILE SearchAction:True 
 
 04-Jun-2014 , 17:05:35 |  SearchMap request:select a . * , m.lat, m.lng from  annuaire a, markers m where a.id = m.idmedecin and LOWER(all_infos) like '%%'   
 
 04-Jun-2014 , 17:10:20 |  mapping_1.0.php JS FILE SearchAction:True 
 
 04-Jun-2014 , 17:10:20 |  SearchMap request:select a . * , m.lat, m.lng from  annuaire a, markers m where a.id = m.idmedecin and LOWER(all_infos) like '%%'   
 
 04-Jun-2014 , 17:10:47 |  mapping_1.0.php JS FILE SearchAction:True 
 
 04-Jun-2014 , 17:10:47 |  SearchMap request:select a . * , m.lat, m.lng from  annuaire a, markers m where a.id = m.idmedecin and LOWER(all_infos) like '%%'   
 
 04-Jun-2014 , 17:11:28 |  mapping_1.0.php JS FILE SearchAction:True 
 
 04-Jun-2014 , 17:11:29 |  SearchMap request:select a . * , m.lat, m.lng from  annuaire a, markers m where a.id = m.idmedecin and LOWER(all_infos) like '%%'   
 
 04-Jun-2014 , 17:21:02 |  mapping_1.0.php JS FILE SearchAction:True 
 
 04-Jun-2014 , 17:21:02 |  SearchMap request:select a . * , m.lat, m.lng from  annuaire a, markers m where a.id = m.idmedecin and LOWER(all_infos) like '%%'   
 
 04-Jun-2014 , 17:21:15 |  mapping_1.0.php JS FILE SearchAction:True 
 
 04-Jun-2014 , 17:21:15 |  SearchMap request:select a . * , m.lat, m.lng from  annuaire a, markers m where a.id = m.idmedecin and LOWER(all_infos) like '%%'   
 
 04-Jun-2014 , 17:23:36 |  mapping_1.0.php JS FILE SearchAction:True 
 
 04-Jun-2014 , 17:23:36 |  SearchMap request:select a . * , m.lat, m.lng from  annuaire a, markers m where a.id = m.idmedecin and LOWER(all_infos) like '%%'   
 
 04-Jun-2014 , 17:26:05 |  mapping_1.0.php JS FILE SearchAction:True 
 
 04-Jun-2014 , 17:26:05 |  SearchMap request:select a . * , m.lat, m.lng from  annuaire a, markers m where a.id = m.idmedecin and LOWER(all_infos) like '%%'   
 
 04-Jun-2014 , 17:28:19 |  mapping_1.0.php JS FILE SearchAction:True 
 
 04-Jun-2014 , 17:28:19 |  SearchMap request:select a . * , m.lat, m.lng from  annuaire a, markers m where a.id = m.idmedecin and LOWER(all_infos) like '%%'   
 
 04-Jun-2014 , 17:31:21 |  mapping_1.0.php JS FILE SearchAction:True 
 
 04-Jun-2014 , 17:31:21 |  SearchMap request:select a . * , m.lat, m.lng from  annuaire a, markers m where a.id = m.idmedecin and LOWER(all_infos) like '%%'   
 
 04-Jun-2014 , 17:36:14 |  mapping_1.0.php JS FILE SearchAction:True 
 
 04-Jun-2014 , 17:36:14 |  SearchMap request:select a . * , m.lat, m.lng from  annuaire a, markers m where a.id = m.idmedecin and LOWER(all_infos) like '%%'   
 
 04-Jun-2014 , 17:36:30 |  mapping_1.0.php JS FILE SearchAction:True 
 
 04-Jun-2014 , 17:36:30 |  SearchMap request:select a . * , m.lat, m.lng from  annuaire a, markers m where a.id = m.idmedecin and LOWER(all_infos) like '%%'   
 
 04-Jun-2014 , 17:37:30 |  mapping_1.0.php JS FILE SearchAction:True 
 
 04-Jun-2014 , 17:37:30 |  SearchMap request:select a . * , m.lat, m.lng from  annuaire a, markers m where a.id = m.idmedecin and LOWER(all_infos) like '%%'   
 
 04-Jun-2014 , 17:37:40 |  mapping_1.0.php JS FILE SearchAction:True 
 
 04-Jun-2014 , 17:37:40 |  SearchMap request:select a . * , m.lat, m.lng from  annuaire a, markers m where a.id = m.idmedecin and LOWER(all_infos) like '%%'   
 
 04-Jun-2014 , 17:38:13 |  mapping_1.0.php JS FILE SearchAction:True 
 
 04-Jun-2014 , 17:38:14 |  SearchMap request:select a . * , m.lat, m.lng from  annuaire a, markers m where a.id = m.idmedecin and LOWER(all_infos) like '%%'   
 
 04-Jun-2014 , 17:38:58 |  mapping_1.0.php JS FILE SearchAction:True 
 
 04-Jun-2014 , 17:38:58 |  SearchMap request:select a . * , m.lat, m.lng from  annuaire a, markers m where a.id = m.idmedecin and LOWER(all_infos) like '%%'   
 
 04-Jun-2014 , 17:40:50 |  mapping_1.0.php JS FILE SearchAction:True 
 
 04-Jun-2014 , 17:40:50 |  SearchMap request:select a . * , m.lat, m.lng from  annuaire a, markers m where a.id = m.idmedecin and LOWER(all_infos) like '%%'   
 
 04-Jun-2014 , 17:43:35 |  mapping_1.0.php JS FILE SearchAction:True 
 
 04-Jun-2014 , 17:43:35 |  SearchMap request:select a . * , m.lat, m.lng from  annuaire a, markers m where a.id = m.idmedecin and LOWER(all_infos) like '%%'   
 
 04-Jun-2014 , 17:43:56 |  mapping_1.0.php JS FILE SearchAction:True 
 
 04-Jun-2014 , 17:43:56 |  SearchMap request:select a . * , m.lat, m.lng from  annuaire a, markers m where a.id = m.idmedecin and LOWER(all_infos) like '%%'   
 
 04-Jun-2014 , 17:44:53 |  mapping_1.0.php JS FILE SearchAction:True 
 
 04-Jun-2014 , 17:44:53 |  SearchMap request:select a . * , m.lat, m.lng from  annuaire a, markers m where a.id = m.idmedecin and LOWER(all_infos) like '%%'   
 
 04-Jun-2014 , 17:46:16 |  mapping_1.0.php JS FILE SearchAction:True 
 
 04-Jun-2014 , 17:46:16 |  SearchMap request:select a . * , m.lat, m.lng from  annuaire a, markers m where a.id = m.idmedecin and LOWER(all_infos) like '%%'   
 
 04-Jun-2014 , 17:46:32 |  mapping_1.0.php JS FILE SearchAction:True 
 
 04-Jun-2014 , 17:46:32 |  SearchMap request:select a . * , m.lat, m.lng from  annuaire a, markers m where a.id = m.idmedecin and LOWER(all_infos) like '%%'   
 
 04-Jun-2014 , 17:47:58 |  mapping_1.0.php JS FILE SearchAction:True 
 
 04-Jun-2014 , 17:47:58 |  SearchMap request:select a . * , m.lat, m.lng from  annuaire a, markers m where a.id = m.idmedecin and LOWER(all_infos) like '%%'   
 
 04-Jun-2014 , 17:48:31 |  mapping_1.0.php JS FILE SearchAction:True 
 
 04-Jun-2014 , 17:48:31 |  SearchMap request:select a . * , m.lat, m.lng from  annuaire a, markers m where a.id = m.idmedecin and LOWER(all_infos) like '%%'   
 
 04-Jun-2014 , 17:54:35 |  mapping_1.0.php JS FILE SearchAction:True 
 
 04-Jun-2014 , 17:54:35 |  SearchMap request:select a . * , m.lat, m.lng from  annuaire a, markers m where a.id = m.idmedecin and LOWER(all_infos) like '%%'   
 
 04-Jun-2014 , 17:55:06 |  mapping_1.0.php JS FILE SearchAction:True 
 
 04-Jun-2014 , 17:55:06 |  SearchMap request:select a . * , m.lat, m.lng from  annuaire a, markers m where a.id = m.idmedecin and LOWER(all_infos) like '%%'   
 
 04-Jun-2014 , 17:58:24 |  SearchAction:true 
 
 04-Jun-2014 , 18:06:12 |  SearchAction:true 
 
 04-Jun-2014 , 18:09:14 |  SearchAction:true 
 
 04-Jun-2014 , 18:09:35 |  SearchAction:true 
 
 04-Jun-2014 , 18:11:19 |  SearchAction:true 
 
 04-Jun-2014 , 18:12:05 |  SearchAction:true 
 
 04-Jun-2014 , 18:12:20 |  SearchAction:true 
 
 04-Jun-2014 , 18:15:19 |  SearchAction:true 
 
 04-Jun-2014 , 18:15:32 |  SearchAction:true 
 
 04-Jun-2014 , 18:16:34 |  SearchAction:true 
 
 04-Jun-2014 , 18:16:56 |  SearchAction:true 
 
 04-Jun-2014 , 18:28:25 |  SearchAction:true 
 
 04-Jun-2014 , 18:29:45 |  SearchAction:true 
 
 04-Jun-2014 , 18:34:30 |  SearchAction:true 
 
 04-Jun-2014 , 18:35:51 |  SearchAction:true 
 
 04-Jun-2014 , 18:41:28 |  mapping_1.0.php JS FILE SearchAction:True 
 
 04-Jun-2014 , 18:41:28 |  SearchMap request:select a . * , m.lat, m.lng from  annuaire a, markers m where a.id = m.idmedecin and LOWER(all_infos) like '%%'   
 
 04-Jun-2014 , 18:41:48 |  mapping_1.0.php JS FILE SearchAction:True 
 
 04-Jun-2014 , 18:41:48 |  SearchMap request:select a . * , m.lat, m.lng from  annuaire a, markers m where a.id = m.idmedecin and LOWER(all_infos) like '%%'   
 
 04-Jun-2014 , 18:42:46 |  SearchAction:true 
 
 06-Jun-2014 , 17:46:05 |  SearchAction:true 
 
 06-Jun-2014 , 17:49:20 | INSERT INTO medecin (idMedecin, nom, prenom, genre, fonction, specialite, subSpecialite, adresse, gouvernorat, codePostale, telbureau, telportable, fax, pays_fac, gouv_fac, faculte, anneeDiplome, dateNaiss, email, password)
		 VALUES ('','Habboubi','Fatma','Femme',' 1',NULL,'','Agba Tunis',' 1','2011','71 455 788','98 455 788','97 455 788',' 1',' 1',' 1','2014-06-02','1985-06-03','fatma.habboubi@yahoo.fr','fatma') 
 
 06-Jun-2014 , 17:49:20 | Nom: Habboubi		Prenom: Fatma     Adresse: Agba Tunis     Pays de faculté:  1     Email: fatma.habboubi@yahoo.fr     Password: fatma 
 
 06-Jun-2014 , 17:52:02 |  SELECT nom FROM  institution 
					   WHERE id_institut = 1 
 
 06-Jun-2014 , 17:52:02 |  SELECT label FROM  gouvernorat 
					   WHERE id_gouv = 1 
 
 06-Jun-2014 , 17:52:15 |  SELECT nom FROM  institution 
					   WHERE id_institut = 1 
 
 06-Jun-2014 , 17:52:15 |  SELECT label FROM  gouvernorat 
					   WHERE id_gouv = 1 
 
 06-Jun-2014 , 17:52:17 |  SELECT nom FROM  institution 
					   WHERE id_institut = 1 
 
 06-Jun-2014 , 17:52:17 |  SELECT label FROM  gouvernorat 
					   WHERE id_gouv = 1 
 
 06-Jun-2014 , 17:53:48 |  File: Test.php,
    calEventId  1 
    calEventDay 3 
    calEventDateName Mercredi 
    calEventTitle Visite Libre 
    calEventBody Cabinet Medecile: Agba route de Ben mahmoud, Béja 
    calEventStartTime  1401870600000 
    calEventEndTime  1401883200000 
    calEventStart  2014-5-4 9:30:0 
    calEventEnd 2014-5-4 13:0:0
    calEventType 1 
 
 
 06-Jun-2014 , 17:55:37 |  SELECT nom FROM  institution 
					   WHERE id_institut = 1 
 
 06-Jun-2014 , 17:55:37 |  SELECT label FROM  gouvernorat 
					   WHERE id_gouv = 1 
 
 06-Jun-2014 , 17:57:02 |  SELECT nom FROM  institution 
					   WHERE id_institut = 1 
 
 06-Jun-2014 , 17:57:02 |  SELECT label FROM  gouvernorat 
					   WHERE id_gouv = 1 
 
 06-Jun-2014 , 17:58:54 |  SELECT nom FROM  institution 
					   WHERE id_institut = 1 
 
 06-Jun-2014 , 17:58:54 |  SELECT label FROM  gouvernorat 
					   WHERE id_gouv = 1 
 
 06-Jun-2014 , 18:01:51 |  SELECT nom FROM  institution 
					   WHERE id_institut = 1 
 
 06-Jun-2014 , 18:01:51 |  SELECT label FROM  gouvernorat 
					   WHERE id_gouv = 1 
 
 06-Jun-2014 , 18:02:08 |    File: modifyCalendar.php,
    calEventId  1 
    calEventDay 3 
    calEventDateName Mercredi 
    calEventTitle Visite Libre 
    calEventBody Cabinet Medicale: Agba route de Ben mahmoud, Béja 
    calEventStartTime  1401870600000 
    calEventEndTime  1401883200000 
    calEventStart  2014-5-4 9:30:0 
    calEventEnd 2014-5-4 13:0:0 
    calEventType 1
 
 
 06-Jun-2014 , 18:02:17 |  SELECT nom FROM  institution 
					   WHERE id_institut = 1 
 
 06-Jun-2014 , 18:02:17 |  SELECT label FROM  gouvernorat 
					   WHERE id_gouv = 1 
 
 17-Jun-2014 , 13:06:42 |  SELECT nom FROM  institution 
					   WHERE id_institut = 1 
 
 17-Jun-2014 , 13:06:42 |  SELECT label FROM  gouvernorat 
					   WHERE id_gouv = 1 
 
 17-Jun-2014 , 13:07:52 |  SELECT nom FROM  institution 
					   WHERE id_institut = 1 
 
 17-Jun-2014 , 13:07:52 |  SELECT label FROM  gouvernorat 
					   WHERE id_gouv = 1 
 
 17-Jun-2014 , 13:08:18 |  SELECT nom FROM  institution 
					   WHERE id_institut = 1 
 
 17-Jun-2014 , 13:08:18 |  SELECT label FROM  gouvernorat 
					   WHERE id_gouv = 1 
 
 17-Jun-2014 , 13:08:22 |  SELECT nom FROM  institution 
					   WHERE id_institut = 1 
 
 17-Jun-2014 , 13:08:22 |  SELECT label FROM  gouvernorat 
					   WHERE id_gouv = 1 
 
 17-Jun-2014 , 13:08:43 |  SELECT nom FROM  institution 
					   WHERE id_institut = 1 
 
 17-Jun-2014 , 13:08:43 |  SELECT label FROM  gouvernorat 
					   WHERE id_gouv = 1 
 
 17-Jun-2014 , 13:08:45 |  SELECT nom FROM  institution 
					   WHERE id_institut = 1 
 
 17-Jun-2014 , 13:08:45 |  SELECT label FROM  gouvernorat 
					   WHERE id_gouv = 1 
 
 17-Jun-2014 , 13:08:56 |  SELECT nom FROM  institution 
					   WHERE id_institut = 1 
 
 17-Jun-2014 , 13:08:56 |  SELECT label FROM  gouvernorat 
					   WHERE id_gouv = 1 
 
 17-Jun-2014 , 13:09:02 |  SELECT nom FROM  institution 
					   WHERE id_institut = 1 
 
 17-Jun-2014 , 13:09:02 |  SELECT label FROM  gouvernorat 
					   WHERE id_gouv = 1 
 
 17-Jun-2014 , 13:09:16 |  SELECT nom FROM  institution 
					   WHERE id_institut = 1 
 
 17-Jun-2014 , 13:09:16 |  SELECT label FROM  gouvernorat 
					   WHERE id_gouv = 1 
 
 17-Jun-2014 , 13:11:15 |  SELECT nom FROM  institution 
					   WHERE id_institut = 1 
 
 17-Jun-2014 , 13:11:15 |  SELECT label FROM  gouvernorat 
					   WHERE id_gouv = 1 
 
 17-Jun-2014 , 13:19:57 |  SELECT nom FROM  institution 
					   WHERE id_institut = 1 
 
 17-Jun-2014 , 13:19:57 |  SELECT label FROM  gouvernorat 
					   WHERE id_gouv = 1 
 
 17-Jun-2014 , 13:20:45 |  SELECT nom FROM  institution 
					   WHERE id_institut = 1 
 
 17-Jun-2014 , 13:20:45 |  SELECT label FROM  gouvernorat 
					   WHERE id_gouv = 1 
 
 17-Jun-2014 , 13:20:56 |  SELECT nom FROM  institution 
					   WHERE id_institut = 1 
 
 17-Jun-2014 , 13:20:56 |  SELECT label FROM  gouvernorat 
					   WHERE id_gouv = 1 
 
 17-Jun-2014 , 13:21:13 |  SearchAction:true 
 
 17-Jun-2014 , 13:21:46 |  key_words : 
 
 